2026-06-26 14:37:06,585 [INFO] 🧾 已为历史记录文件补写表头
2026-06-26 14:37:06,610 [INFO] 🗂️  已加载本地历史: 0 已投递 / 8 已跳过（扫描 12 条，今日已投递 0 条）
2026-06-26 14:37:06,611 [WARNING] Closing existing Edge processes before automation launch...
2026-06-26 14:37:09,344 [INFO] 正在启动 Edge 浏览器...
2026-06-26 14:37:10,573 [INFO] ✅ 成功接管本地 Edge 浏览器！
2026-06-26 14:37:11,290 [INFO] 检查 Boss直聘 登录状态...
2026-06-26 14:37:15,241 [INFO] ✅ 检测到已登录！
2026-06-26 14:37:15,242 [INFO] 🔬 开始验证 scene=3（最新排序）是否与 scene=1（推荐）结果不同...
2026-06-26 14:37:16,572 [INFO]     scene=1 → 第1条jobId: f3e19d53dbe8...  共15条
2026-06-26 14:37:20,631 [INFO]     scene=3 → 第1条jobId: 71216d6052b4...  共15条
2026-06-26 14:37:20,631 [INFO] ✅ 验证通过！scene=3 返回结果与 scene=1 不同，最新排序生效！
2026-06-26 14:37:20,632 [INFO] 🎉 准备就绪！scene=3 | 经验要求=校招/应届 | AI=已启用 | 每日上限=150 | 测试模式=开启（只生成不发送）
2026-06-26 14:37:20,632 [INFO] 🔌 正在测试MiMo API连通性... model=mimo-v2.5-pro base_url=https://token-plan-cn.xiaomimimo.com/v1
2026-06-26 14:37:24,435 [INFO] ✅ API连通正常！测试响应: 可以
2026-06-26 14:37:24,435 [INFO] 
========================================
2026-06-26 14:37:24,436 [INFO] 🔍 关键词:【品牌设计】 城市:【深圳】 scene=3
2026-06-26 14:37:24,436 [INFO] ========================================
2026-06-26 14:37:24,436 [INFO] 🎓 已开启校招/应届生过滤
2026-06-26 14:37:26,735 [INFO]   📄 第 1 页 (进度: 0/10)...
2026-06-26 14:37:28,663 [INFO]     ⏬ 正在滚动加载完整岗位列表...
2026-06-26 14:37:47,571 [INFO]     🧹 列表页招聘人「歌力思」疑似公司/职位/泛称，已清空
2026-06-26 14:37:47,571 [INFO]     [歌力思] 男装设计助理  -K·薪  HR:-  活跃:-
2026-06-26 14:37:47,572 [INFO]     ⏭  跳过 → 含跳过词「男装」
2026-06-26 14:38:01,529 [INFO]     🧹 列表页招聘人「小城故事文化集团」疑似公司/职位/泛称，已清空
2026-06-26 14:38:01,530 [INFO]     [小城故事文化集团] 园林/景观设计岗  -K  HR:-  活跃:-
2026-06-26 14:38:01,530 [INFO]     ⏭  跳过 → 含跳过词「园林」
2026-06-26 14:38:15,327 [INFO]     🧹 列表页招聘人「深圳杰恩建筑设计」疑似公司/职位/泛称，已清空
2026-06-26 14:38:15,328 [INFO]     [深圳杰恩建筑设计] 助理设计师-26应届  -K  HR:-  活跃:-
2026-06-26 14:38:15,328 [INFO]     ⏭  跳过 → 含跳过词「建筑设计」
2026-06-26 14:38:29,316 [INFO]     🧹 列表页招聘人「君润物流」疑似公司/职位/泛称，已清空
2026-06-26 14:38:29,316 [INFO]     [君润物流] UI设计师  -K  HR:-  活跃:-
2026-06-26 14:38:29,317 [INFO]     ⏭  跳过 → 本地历史记录曾跳过
2026-06-26 14:38:43,267 [INFO]     🧹 列表页招聘人「图拉斯」疑似公司/职位/泛称，已清空
2026-06-26 14:38:43,268 [INFO]     [图拉斯] 设计管培生  -K  HR:-  活跃:-
2026-06-26 14:38:45,424 [INFO]     👤 详情页补抓招聘人: 左婉茹
2026-06-26 14:38:47,429 [INFO]     📋 成功抓取职位描述（632字）
2026-06-26 14:38:47,430 [INFO]     📄 画像匹配: 【brand_visual】← 搜索词:品牌设计、搜索词强命中:品牌设计、搜索词偏好:品牌，score=56
2026-06-26 14:38:47,431 [INFO]     🧭 岗位适配分: 44（画像=brand_visual，搜索命中:品牌设计、搜索强命中:品牌设计、搜索偏好:品牌）
2026-06-26 14:38:47,431 [INFO]     🎓 检测到校招/应届岗，使用学生版简历
2026-06-26 14:38:47,437 [INFO]     🤖 正在生成AI打招呼语（mimo-v2.5-pro）...
2026-06-26 14:38:47,438 [INFO]     🧩 岗位关键词: 视觉传达、电商/详情页设计、平面/海报设计
2026-06-26 14:39:12,761 [WARNING]     ⚠️ AI API调用失败: Request timed out.
2026-06-26 14:39:12,761 [INFO]     🧯 使用本地兜底招呼语：AI调用失败
2026-06-26 14:39:12,762 [INFO]     💡 AI生成内容: 您好，我是2026届视觉传达设计本科生，想应聘贵公司的设计管培生岗位。
我会使用 Photoshop、Illustrat...
2026-06-26 14:39:27,023 [INFO]     🧹 列表页招聘人「千浪科技」疑似公司/职位/泛称，已清空
2026-06-26 14:39:27,024 [INFO]     [千浪科技] 平面设计师 双休 应届生 无责底薪7.5K-10K  -K  HR:-  活跃:-
2026-06-26 14:39:28,556 [INFO]     👤 详情页补抓招聘人: 王园亮
2026-06-26 14:39:30,572 [INFO]     📋 成功抓取职位描述（964字）
2026-06-26 14:39:30,572 [INFO]     📄 画像匹配: 【general_visual】← 职位名:平面设计、职位名强命中:平面设计、职位名偏好:平面，score=64
2026-06-26 14:39:30,573 [INFO]     🧭 岗位适配分: 67（画像=general_visual，职位命中:平面设计、职位强命中:平面设计、职位偏好:平面）
2026-06-26 14:39:30,573 [INFO]     🎓 检测到校招/应届岗，使用学生版简历
2026-06-26 14:39:30,578 [INFO]     🤖 正在生成AI打招呼语（mimo-v2.5-pro）...
2026-06-26 14:39:30,578 [INFO]     🧩 岗位关键词: 视觉传达、平面/海报设计、品牌/VI设计
2026-06-26 14:39:55,680 [WARNING]     ⚠️ AI API调用失败: Request timed out.
2026-06-26 14:39:55,682 [INFO]     🧯 使用本地兜底招呼语：AI调用失败
2026-06-26 14:39:55,684 [INFO]     💡 AI生成内容: 您好，我是2026届视觉传达设计本科生，想应聘贵公司的平面设计师双休应届生无责底薪7.5K-10K岗位。
我会使用 Ph...
2026-06-26 14:40:09,689 [INFO]     🧹 列表页招聘人「深圳市波粒方艺术科技」疑似公司/职位/泛称，已清空
2026-06-26 14:40:09,690 [INFO]     [深圳市波粒方艺术科技] 平面设计（展陈/UI）  -K  HR:-  活跃:-
2026-06-26 14:40:11,554 [INFO]     👤 详情页补抓招聘人: 王怡堃
2026-06-26 14:40:13,562 [INFO]     📋 成功抓取职位描述（434字）
2026-06-26 14:40:13,563 [INFO]     📄 画像匹配: 【general_visual】← 职位名:平面设计、职位名强命中:平面设计、职位名偏好:平面，score=98
2026-06-26 14:40:13,564 [INFO]     🧭 岗位适配分: 66（画像=general_visual，职位命中:平面设计、职位强命中:平面设计、职位偏好:平面、JD负向:开发）
2026-06-26 14:40:13,564 [INFO]     💼 检测到社招岗，使用项目/实习经历口径
2026-06-26 14:40:13,570 [INFO]     🤖 正在生成AI打招呼语（mimo-v2.5-pro）...
2026-06-26 14:40:13,571 [INFO]     🧩 岗位关键词: 视觉传达、平面/海报设计、UI/UX设计
2026-06-26 14:40:38,694 [WARNING]     ⚠️ AI API调用失败: Request timed out.
2026-06-26 14:40:38,694 [INFO]     🧯 使用本地兜底招呼语：AI调用失败
2026-06-26 14:40:38,695 [INFO]     💡 AI生成内容: 您好，我具备视觉传达设计背景，想应聘贵公司的平面设计（展陈/UI）岗位。
我会使用 Photoshop、Illustra...
2026-06-26 14:40:52,656 [INFO]     🧹 列表页招聘人「深圳特柯洛海外仓...」疑似公司/职位/泛称，已清空
2026-06-26 14:40:52,657 [INFO]     [深圳特柯洛海外仓] 网页设计助理  -K  HR:-  活跃:-
2026-06-26 14:40:53,903 [INFO]     👤 详情页补抓招聘人: 桑露星
2026-06-26 14:40:55,916 [INFO]     📋 成功抓取职位描述（294字）
2026-06-26 14:40:55,917 [INFO]     📄 画像匹配: 【brand_visual】← 搜索词:品牌设计、搜索词强命中:品牌设计、搜索词偏好:品牌，score=38
2026-06-26 14:40:55,917 [INFO]     🧭 岗位适配分: 34（画像=brand_visual，搜索命中:品牌设计、搜索强命中:品牌设计、搜索偏好:品牌）
2026-06-26 14:40:55,918 [INFO]     🎓 检测到校招/应届岗，使用学生版简历
2026-06-26 14:40:55,923 [INFO]     🤖 正在生成AI打招呼语（mimo-v2.5-pro）...
2026-06-26 14:40:55,923 [INFO]     🧩 岗位关键词: 平面/海报设计、书籍装帧
2026-06-26 14:41:21,025 [WARNING]     ⚠️ AI API调用失败: Request timed out.
2026-06-26 14:41:21,026 [INFO]     🧯 使用本地兜底招呼语：AI调用失败
2026-06-26 14:41:21,027 [INFO]     💡 AI生成内容: 您好，我是2026届视觉传达设计本科生，想应聘贵公司的网页设计助理岗位。
我会使用 Photoshop、Illustra...
2026-06-26 14:41:35,306 [INFO]     🧹 列表页招聘人「达妙科技」疑似公司/职位/泛称，已清空
2026-06-26 14:41:35,307 [INFO]     [达妙科技] 机械结构设计工程师  -K  HR:-  活跃:-
2026-06-26 14:41:35,307 [INFO]     ⏭  跳过 → 本地历史记录曾跳过
2026-06-26 14:41:49,639 [INFO]     🧹 列表页招聘人「北京某大型房地产开发经营上市公司」疑似公司/职位/泛称，已清空
2026-06-26 14:41:49,640 [INFO]     [北京某大型房地产开发经营上市公司] 市场营销 / 品牌策划 （可转正）头部企业  -K  HR:-  活跃:-
2026-06-26 14:41:49,640 [INFO]     ⏭  跳过 → 匿名代招/猎头岗位（公司名不可校验）
2026-06-26 14:42:03,917 [INFO]     🧹 列表页招聘人「深圳乐有家控股集团」疑似公司/职位/泛称，已清空
2026-06-26 14:42:03,917 [INFO]     [深圳乐有家控股集团] 龙岗龙华实习9000 提供住宿 提供三方  -K  HR:-  活跃:-
2026-06-26 14:42:03,917 [INFO]     ⏭  跳过 → 不含必要关键词
2026-06-26 14:42:18,185 [INFO]     🧹 列表页招聘人「唐度科技」疑似公司/职位/泛称，已清空
2026-06-26 14:42:18,186 [INFO]     [唐度科技] UI设计师（车载HMI）  -K·薪  HR:-  活跃:-
2026-06-26 14:42:20,423 [INFO]     👤 详情页补抓招聘人: 官卫乾
2026-06-26 14:42:22,427 [INFO]     📋 成功抓取职位描述（133字）
2026-06-26 14:42:22,428 [INFO]     📄 画像匹配: 【ui_ux】← 职位名:ui、职位名强命中:ui设计、职位名偏好:ui，score=68
2026-06-26 14:42:22,428 [INFO]     🧭 岗位适配分: 59（画像=ui_ux，职位命中:ui、职位强命中:ui设计、职位偏好:ui）
2026-06-26 14:42:22,429 [INFO]     💼 检测到社招岗，使用项目/实习经历口径
2026-06-26 14:42:22,435 [INFO]     🤖 正在生成AI打招呼语（mimo-v2.5-pro）...
2026-06-26 14:42:22,436 [INFO]     🧩 岗位关键词: UI/UX设计、视觉传达
2026-06-26 14:42:47,536 [WARNING]     ⚠️ AI API调用失败: Request timed out.
2026-06-26 14:42:47,537 [INFO]     🧯 使用本地兜底招呼语：AI调用失败
2026-06-26 14:42:47,537 [INFO]     💡 AI生成内容: 您好，我具备视觉传达设计背景，想应聘贵公司的UI设计师（车载HMI）岗位。
我会使用 Photoshop、Illustr...
2026-06-26 14:43:01,694 [INFO]     🧹 列表页招聘人「深圳市斑马工业设计」疑似公司/职位/泛称，已清空
2026-06-26 14:43:01,695 [INFO]     [深圳市斑马工业设计] 助理工业设计师  -K  HR:-  活跃:-
2026-06-26 14:43:01,695 [INFO]     ⏭  跳过 → 含跳过词「工业设计」
2026-06-26 14:43:15,923 [INFO]     🧹 列表页招聘人「嘉业互娱」疑似公司/职位/泛称，已清空
2026-06-26 14:43:15,923 [INFO]     [嘉业互娱] 穿搭博主/模特  -K  HR:-  活跃:-
2026-06-26 14:43:15,924 [INFO]     ⏭  跳过 → 不含必要关键词
2026-06-26 14:43:29,982 [INFO]     🧹 列表页招聘人「品胜电子」疑似公司/职位/泛称，已清空
2026-06-26 14:43:29,982 [INFO]     [品胜电子] AIGC平面设计管培生-品胜3C数码领导品牌  -K  HR:-  活跃:-
2026-06-26 14:43:32,209 [INFO]     👤 详情页补抓招聘人: 柳梅
2026-06-26 14:43:34,226 [INFO]     📋 成功抓取职位描述（1432字）
2026-06-26 14:43:34,226 [INFO]     📄 画像匹配: 【general_visual】← 职位名:平面设计、职位名强命中:平面设计、职位名偏好:平面，score=71
2026-06-26 14:43:34,227 [INFO]     🧭 岗位适配分: 80（画像=general_visual，职位命中:平面设计、职位强命中:平面设计、职位偏好:平面、JD负向:硬件）
2026-06-26 14:43:34,227 [INFO]     🎓 检测到校招/应届岗，使用学生版简历
2026-06-26 14:43:34,232 [INFO]     🤖 正在生成AI打招呼语（mimo-v2.5-pro）...
2026-06-26 14:43:34,232 [INFO]     🧩 岗位关键词: 平面/海报设计、视觉传达、品牌/VI设计
2026-06-26 14:43:59,338 [WARNING]     ⚠️ AI API调用失败: Request timed out.
2026-06-26 14:43:59,339 [INFO]     🧯 使用本地兜底招呼语：AI调用失败
2026-06-26 14:43:59,339 [INFO]     💡 AI生成内容: 您好，我是2026届视觉传达设计本科生，想应聘贵公司的AIGC平面设计管培生-品胜3C数码领导品牌岗位。
我会使用 Ph...
2026-06-26 14:44:13,525 [INFO]     🧹 列表页招聘人「雅声文化传媒有限公司」疑似公司/职位/泛称，已清空
2026-06-26 14:44:13,525 [INFO]     [雅声文化传媒有限公司] 歌手艺人模特  -K  HR:-  活跃:-
2026-06-26 14:44:13,526 [INFO]     ⏭  跳过 → 不含必要关键词
2026-06-26 14:44:27,842 [INFO]     🧹 列表页招聘人「华润三九」疑似公司/职位/泛称，已清空
2026-06-26 14:44:27,843 [INFO]     [华润三九] 华润三九专业品牌事业部总部营销管培生  -K  HR:-  活跃:-
2026-06-26 14:44:27,843 [INFO]     ⏭  跳过 → 不含必要关键词
2026-06-26 14:44:41,987 [INFO]     🧹 列表页招聘人「NIO蔚来」疑似公司/职位/泛称，已清空
2026-06-26 14:44:41,987 [INFO]     [NIO蔚来] 校招正式-乐道顾问-深圳（2026届）  -K·薪  HR:-  活跃:-
2026-06-26 14:44:41,988 [INFO]     ⏭  跳过 → 不含必要关键词
2026-06-26 14:44:56,241 [INFO]     🧹 列表页招聘人「深圳星际光年科技」疑似公司/职位/泛称，已清空
2026-06-26 14:44:56,241 [INFO]     [深圳星际光年科技] 结构设计工程师实习生  -K  HR:-  活跃:-
2026-06-26 14:44:56,242 [INFO]     ⏭  跳过 → 本地历史记录曾跳过
2026-06-26 14:45:10,086 [INFO]     🧹 列表页招聘人「深圳千蚁科技有限公司」疑似公司/职位/泛称，已清空
2026-06-26 14:45:10,087 [INFO]     [深圳千蚁科技有限公司] 平面设计师 双休 无责底薪7.5K-10K  -K  HR:-  活跃:-
2026-06-26 14:45:11,474 [INFO]     👤 详情页补抓招聘人: 冯丽
2026-06-26 14:45:13,482 [INFO]     📋 成功抓取职位描述（964字）
2026-06-26 14:45:13,483 [INFO]     📄 画像匹配: 【general_visual】← 职位名:平面设计、职位名强命中:平面设计、职位名偏好:平面，score=64
2026-06-26 14:45:13,484 [INFO]     🧭 岗位适配分: 67（画像=general_visual，职位命中:平面设计、职位强命中:平面设计、职位偏好:平面）
2026-06-26 14:45:13,484 [INFO]     💼 检测到社招岗，使用项目/实习经历口径
2026-06-26 14:45:13,490 [INFO]     🤖 正在生成AI打招呼语（mimo-v2.5-pro）...
2026-06-26 14:45:13,491 [INFO]     🧩 岗位关键词: 视觉传达、平面/海报设计、品牌/VI设计
2026-06-26 14:45:38,593 [WARNING]     ⚠️ AI API调用失败: Request timed out.
2026-06-26 14:45:38,594 [INFO]     🧯 使用本地兜底招呼语：AI调用失败
2026-06-26 14:45:38,594 [INFO]     💡 AI生成内容: 您好，我具备视觉传达设计背景，想应聘贵公司的平面设计师双休无责底薪7.5K-10K岗位。
我会使用 Photoshop、...
2026-06-26 14:45:52,655 [INFO]     🧹 列表页招聘人「深圳觉对创意科技」疑似公司/职位/泛称，已清空
2026-06-26 14:45:52,656 [INFO]     [深圳觉对创意科技] 视觉设计师（应届生）  -K  HR:-  活跃:-
2026-06-26 14:45:54,606 [INFO]     👤 详情页补抓招聘人: 温女士
2026-06-26 14:45:56,612 [INFO]     📋 成功抓取职位描述（516字）
2026-06-26 14:45:56,614 [INFO]     📄 画像匹配: 【brand_visual】← 搜索词:品牌设计、职位名:视觉设计、搜索词强命中:品牌设计，score=103
2026-06-26 14:45:56,614 [INFO]     🧭 岗位适配分: 70（画像=brand_visual，搜索命中:品牌设计、职位命中:视觉设计、搜索强命中:品牌设计、职位强命中:视觉设计）
2026-06-26 14:45:56,615 [INFO]     🎓 检测到校招/应届岗，使用学生版简历
2026-06-26 14:45:56,619 [INFO]     🤖 正在生成AI打招呼语（mimo-v2.5-pro）...
2026-06-26 14:45:56,620 [INFO]     🧩 岗位关键词: 平面/海报设计、视觉传达、品牌/VI设计
2026-06-26 14:46:21,732 [WARNING]     ⚠️ AI API调用失败: Request timed out.
2026-06-26 14:46:21,732 [INFO]     🧯 使用本地兜底招呼语：AI调用失败
2026-06-26 14:46:21,733 [INFO]     💡 AI生成内容: 您好，我是2026届视觉传达设计本科生，想应聘贵公司的视觉设计师（应届生）岗位。
我会使用 Photoshop、Illu...
2026-06-26 14:49:14,672 [INFO]   已到最后一页。
2026-06-26 14:49:14,673 [INFO] 
========================================
2026-06-26 14:49:14,673 [INFO] 🔍 关键词:【平面设计】 城市:【深圳】 scene=3
2026-06-26 14:49:14,674 [INFO] ========================================
2026-06-26 14:49:14,674 [INFO] 🎓 已开启校招/应届生过滤
2026-06-26 14:49:18,689 [INFO]   📄 第 1 页 (进度: 0/10)...
2026-06-26 14:49:20,402 [INFO]     ⏬ 正在滚动加载完整岗位列表...
2026-06-26 14:49:37,465 [INFO]     🧹 列表页招聘人「千浪科技」疑似公司/职位/泛称，已清空
2026-06-26 14:49:37,465 [INFO]     [千浪科技] 平面设计师 双休 应届生 无责底薪7.5K-10K  -K  HR:-  活跃:-
2026-06-26 14:49:39,595 [INFO]     👤 详情页补抓招聘人: 王园亮
2026-06-26 14:49:41,608 [INFO]     📋 成功抓取职位描述（964字）
2026-06-26 14:49:41,609 [INFO]     📄 画像匹配: 【general_visual】← 搜索词:平面设计、职位名:平面设计、搜索词强命中:平面设计，score=102
2026-06-26 14:49:41,610 [INFO]     🧭 岗位适配分: 71（画像=general_visual，职位命中:平面设计、职位强命中:平面设计、职位偏好:平面）
2026-06-26 14:49:41,610 [INFO]     🎓 检测到校招/应届岗，使用学生版简历
2026-06-26 14:49:41,614 [INFO]     🤖 正在生成AI打招呼语（mimo-v2.5-pro）...
2026-06-26 14:49:41,615 [INFO]     🧩 岗位关键词: 视觉传达、平面/海报设计、品牌/VI设计
2026-06-26 14:50:06,729 [WARNING]     ⚠️ AI API调用失败: Request timed out.
2026-06-26 14:50:06,729 [INFO]     🧯 使用本地兜底招呼语：AI调用失败
2026-06-26 14:50:06,730 [INFO]     💡 AI生成内容: 您好，我是2026届视觉传达设计本科生，想应聘贵公司的平面设计师双休应届生无责底薪7.5K-10K岗位。
我会使用 Ph...
2026-06-26 14:50:21,015 [INFO]     🧹 列表页招聘人「君润物流」疑似公司/职位/泛称，已清空
2026-06-26 14:50:21,015 [INFO]     [君润物流] UI设计师  -K  HR:-  活跃:-
2026-06-26 14:50:21,016 [INFO]     ⏭  跳过 → 本地历史记录曾跳过
2026-06-26 14:50:35,331 [INFO]     🧹 列表页招聘人「图拉斯」疑似公司/职位/泛称，已清空
2026-06-26 14:50:35,331 [INFO]     [图拉斯] 设计管培生  -K  HR:-  活跃:-
2026-06-26 14:50:36,774 [INFO]     👤 详情页补抓招聘人: 左婉茹
2026-06-26 14:50:38,780 [INFO]     📋 成功抓取职位描述（632字）
2026-06-26 14:50:38,781 [INFO]     📄 画像匹配: 【general_visual】← 搜索词:平面设计、搜索词强命中:平面设计、搜索词偏好:平面，score=42
2026-06-26 14:50:38,781 [INFO]     🧭 岗位适配分: 56（画像=general_visual，搜索命中:平面设计、搜索强命中:平面设计、搜索偏好:平面）
2026-06-26 14:50:38,782 [INFO]     🎓 检测到校招/应届岗，使用学生版简历
2026-06-26 14:50:38,787 [INFO]     🤖 正在生成AI打招呼语（mimo-v2.5-pro）...
2026-06-26 14:50:38,788 [INFO]     🧩 岗位关键词: 视觉传达、电商/详情页设计、平面/海报设计
2026-06-26 14:51:03,902 [WARNING]     ⚠️ AI API调用失败: Request timed out.
2026-06-26 14:51:03,902 [INFO]     🧯 使用本地兜底招呼语：AI调用失败
2026-06-26 14:51:03,903 [INFO]     💡 AI生成内容: 您好，我是2026届视觉传达设计本科生，想应聘贵公司的设计管培生岗位。
我会使用 Photoshop、Illustrat...
2026-06-26 14:51:18,157 [INFO]     🧹 列表页招聘人「深圳千蚁科技有限公司」疑似公司/职位/泛称，已清空
2026-06-26 14:51:18,158 [INFO]     [深圳千蚁科技有限公司] 平面设计师 双休 无责底薪7.5K-10K  -K  HR:-  活跃:-
2026-06-26 14:51:19,415 [INFO]     👤 详情页补抓招聘人: 冯丽
2026-06-26 14:51:21,423 [INFO]     📋 成功抓取职位描述（964字）
2026-06-26 14:51:21,424 [INFO]     📄 画像匹配: 【general_visual】← 搜索词:平面设计、职位名:平面设计、搜索词强命中:平面设计，score=102
2026-06-26 14:51:21,425 [INFO]     🧭 岗位适配分: 71（画像=general_visual，职位命中:平面设计、职位强命中:平面设计、职位偏好:平面）
2026-06-26 14:51:21,425 [INFO]     💼 检测到社招岗，使用项目/实习经历口径
2026-06-26 14:51:21,431 [INFO]     🤖 正在生成AI打招呼语（mimo-v2.5-pro）...
2026-06-26 14:51:21,431 [INFO]     🧩 岗位关键词: 视觉传达、平面/海报设计、品牌/VI设计
2026-06-26 14:51:46,543 [INFO] 
⚠️ 用户中断 (Ctrl+C)，正在清理...
2026-06-26 14:58:11,277 [INFO] 🗂️  已加载本地历史: 0 已投递 / 18 已跳过（扫描 36 条，今日已投递 0 条）
2026-06-26 14:58:11,278 [WARNING] Closing existing Edge processes before automation launch...
2026-06-26 14:58:14,007 [INFO] 正在启动 Edge 浏览器...
2026-06-26 14:58:15,241 [INFO] ✅ 成功接管本地 Edge 浏览器！
2026-06-26 14:58:15,918 [INFO] 检查 Boss直聘 登录状态...
2026-06-26 14:58:20,205 [INFO] ✅ 检测到已登录！
2026-06-26 14:58:20,206 [INFO] 🔬 开始验证 scene=3（最新排序）是否与 scene=1（推荐）结果不同...
2026-06-26 14:58:21,299 [INFO]     scene=1 → 第1条jobId: 71216d6052b4...  共15条
2026-06-26 14:58:26,294 [INFO]     scene=3 → 第1条jobId: 71216d6052b4...  共15条
2026-06-26 14:58:26,294 [WARNING] ⚠️ scene=3 与 scene=1 返回结果相同，后端可能未区分此参数
2026-06-26 14:58:26,295 [WARNING]    → 回退使用 scene=1（推荐排序），改用HR活跃时间作为近似排序
2026-06-26 14:58:26,295 [INFO] 🎉 准备就绪！scene=1 | 经验要求=校招/应届 | AI=已启用 | 每日上限=150 | 测试模式=开启（只生成不发送）
2026-06-26 14:58:26,295 [INFO] 🔌 正在测试MiMo API连通性... model=mimo-v2.5-pro base_url=https://token-plan-cn.xiaomimimo.com/v1
2026-06-26 14:58:30,413 [INFO] ✅ API连通正常！测试响应: 可以
2026-06-26 14:58:30,413 [INFO] 
========================================
2026-06-26 14:58:30,413 [INFO] 🔍 关键词:【品牌设计】 城市:【深圳】 scene=1
2026-06-26 14:58:30,414 [INFO] ========================================
2026-06-26 14:58:30,414 [INFO] 🎓 已开启校招/应届生过滤
2026-06-26 14:58:33,674 [INFO]   📄 第 1 页 (进度: 0/10)...
2026-06-26 14:58:34,898 [INFO]     ⏬ 正在滚动加载完整岗位列表...
2026-06-26 14:58:48,771 [INFO]     🕐 已按HR活跃时间辅助排序（30张卡片）
2026-06-26 14:58:52,241 [INFO]     🧹 列表页招聘人「北京某大型房地产开发经营上市公司」疑似公司/职位/泛称，已清空
2026-06-26 14:58:52,241 [INFO]     [北京某大型房地产开发经营上市公司] 市场营销 / 品牌策划 （可转正）头部企业  -K  HR:-  活跃:-
2026-06-26 14:58:52,242 [INFO]     ⏭  跳过 → 本地历史记录曾跳过
2026-06-26 14:59:06,482 [INFO]     🧹 列表页招聘人「深圳乐有家控股集团」疑似公司/职位/泛称，已清空
2026-06-26 14:59:06,483 [INFO]     [深圳乐有家控股集团] 龙岗龙华实习9000 提供住宿 提供三方  -K  HR:-  活跃:-
2026-06-26 14:59:06,483 [INFO]     ⏭  跳过 → 本地历史记录曾跳过
2026-06-26 14:59:20,684 [INFO]     🧹 列表页招聘人「图拉斯」疑似公司/职位/泛称，已清空
2026-06-26 14:59:20,684 [INFO]     [图拉斯] 主播实习生（需上镜）  -K  HR:-  活跃:-
2026-06-26 14:59:20,685 [INFO]     ⏭  跳过 → 不含必要关键词
2026-06-26 14:59:34,930 [INFO]     🧹 列表页招聘人「深圳杰恩建筑设计」疑似公司/职位/泛称，已清空
2026-06-26 14:59:34,931 [INFO]     [深圳杰恩建筑设计] 助理设计师-26应届  -K  HR:-  活跃:-
2026-06-26 14:59:34,931 [INFO]     ⏭  跳过 → 本地历史记录曾跳过
2026-06-26 14:59:48,976 [INFO]     🧹 列表页招聘人「小城故事文化集团」疑似公司/职位/泛称，已清空
2026-06-26 14:59:48,980 [INFO]     [小城故事文化集团] 园林/景观设计岗  -K  HR:-  活跃:-
2026-06-26 14:59:48,981 [INFO]     ⏭  跳过 → 本地历史记录曾跳过
2026-06-26 15:00:03,148 [INFO]     🧹 列表页招聘人「品胜电子」疑似公司/职位/泛称，已清空
2026-06-26 15:00:03,149 [INFO]     [品胜电子] AIGC平面设计管培生-品胜3C数码领导品牌  -K  HR:-  活跃:-
2026-06-26 15:00:04,730 [INFO]     👤 详情页补抓招聘人: 柳梅
2026-06-26 15:00:06,747 [INFO]     📋 成功抓取职位描述（1432字）
2026-06-26 15:00:06,747 [INFO]     📄 画像匹配: 【general_visual】← 职位名:平面设计、职位名强命中:平面设计、职位名偏好:平面，score=71
2026-06-26 15:00:06,748 [INFO]     🧭 岗位适配分: 80（画像=general_visual，职位命中:平面设计、职位强命中:平面设计、职位偏好:平面、JD负向:硬件）
2026-06-26 15:00:06,748 [INFO]     🎓 检测到校招/应届岗，使用学生版简历
2026-06-26 15:00:06,754 [INFO]     🤖 正在生成AI打招呼语（mimo-v2.5-pro）...
2026-06-26 15:00:06,754 [INFO]     🧩 岗位关键词: 平面/海报设计、视觉传达、品牌/VI设计
2026-06-26 15:00:32,087 [WARNING]     ⚠️ AI API调用失败: Request timed out.
2026-06-26 15:00:32,088 [INFO]     🧯 使用本地兜底招呼语：AI调用失败
2026-06-26 15:00:32,088 [INFO]     💡 AI生成内容: 您好，我是2026届视觉传达设计本科生，想应聘贵公司的AIGC平面设计管培生-品胜3C数码领导品牌岗位。
我会使用 Ph...
2026-06-26 15:00:46,446 [INFO]     🧹 列表页招聘人「千浪科技」疑似公司/职位/泛称，已清空
2026-06-26 15:00:46,446 [INFO]     [千浪科技] 平面设计师 双休 应届生 无责底薪7.5K-10K  -K  HR:-  活跃:-
2026-06-26 15:00:48,112 [INFO]     👤 详情页补抓招聘人: 王园亮
2026-06-26 15:00:50,127 [INFO]     📋 成功抓取职位描述（964字）
2026-06-26 15:00:50,128 [INFO]     📄 画像匹配: 【general_visual】← 职位名:平面设计、职位名强命中:平面设计、职位名偏好:平面，score=64
2026-06-26 15:00:50,129 [INFO]     🧭 岗位适配分: 67（画像=general_visual，职位命中:平面设计、职位强命中:平面设计、职位偏好:平面）
2026-06-26 15:00:50,129 [INFO]     🎓 检测到校招/应届岗，使用学生版简历
2026-06-26 15:00:50,135 [INFO]     🤖 正在生成AI打招呼语（mimo-v2.5-pro）...
2026-06-26 15:00:50,136 [INFO]     🧩 岗位关键词: 视觉传达、平面/海报设计、品牌/VI设计
2026-06-26 15:01:15,247 [WARNING]     ⚠️ AI API调用失败: Request timed out.
2026-06-26 15:01:15,248 [INFO]     🧯 使用本地兜底招呼语：AI调用失败
2026-06-26 15:01:15,248 [INFO]     💡 AI生成内容: 您好，我是2026届视觉传达设计本科生，想应聘贵公司的平面设计师双休应届生无责底薪7.5K-10K岗位。
我会使用 Ph...
2026-06-26 15:01:29,522 [INFO]     🧹 列表页招聘人「艾丽斯卡」疑似公司/职位/泛称，已清空
2026-06-26 15:01:29,522 [INFO]     [艾丽斯卡] 产品助理(A126916)  -K  HR:-  活跃:-
2026-06-26 15:01:29,523 [INFO]     ⏭  跳过 → 不含必要关键词
2026-06-26 15:01:43,610 [INFO]     🧹 列表页招聘人「华润三九」疑似公司/职位/泛称，已清空
2026-06-26 15:01:43,610 [INFO]     [华润三九] 华润三九专业品牌事业部总部营销管培生  -K  HR:-  活跃:-
2026-06-26 15:01:43,611 [INFO]     ⏭  跳过 → 本地历史记录曾跳过
2026-06-26 15:01:57,933 [INFO]     🧹 列表页招聘人「嘉业互娱」疑似公司/职位/泛称，已清空
2026-06-26 15:01:57,934 [INFO]     [嘉业互娱] 穿搭博主/模特  -K  HR:-  活跃:-
2026-06-26 15:01:57,935 [INFO]     ⏭  跳过 → 本地历史记录曾跳过
2026-06-26 15:02:12,090 [INFO]     🧹 列表页招聘人「雅声文化传媒有限公司」疑似公司/职位/泛称，已清空
2026-06-26 15:02:12,090 [INFO]     [雅声文化传媒有限公司] 歌手艺人模特  -K  HR:-  活跃:-
2026-06-26 15:02:12,091 [INFO]     ⏭  跳过 → 本地历史记录曾跳过
2026-06-26 15:02:25,854 [INFO]     🧹 列表页招聘人「NIO蔚来」疑似公司/职位/泛称，已清空
2026-06-26 15:02:25,855 [INFO]     [NIO蔚来] 校招正式-乐道顾问-深圳（2026届）  -K·薪  HR:-  活跃:-
2026-06-26 15:02:25,856 [INFO]     ⏭  跳过 → 本地历史记录曾跳过
2026-06-26 15:02:39,627 [INFO]     🧹 列表页招聘人「深圳觉对创意科技」疑似公司/职位/泛称，已清空
2026-06-26 15:02:39,628 [INFO]     [深圳觉对创意科技] 视觉设计师（应届生）  -K  HR:-  活跃:-
2026-06-26 15:02:41,410 [INFO]     👤 详情页补抓招聘人: 温女士
2026-06-26 15:02:43,420 [INFO]     📋 成功抓取职位描述（516字）
2026-06-26 15:02:43,421 [INFO]     📄 画像匹配: 【brand_visual】← 搜索词:品牌设计、职位名:视觉设计、搜索词强命中:品牌设计，score=103
2026-06-26 15:02:43,422 [INFO]     🧭 岗位适配分: 70（画像=brand_visual，搜索命中:品牌设计、职位命中:视觉设计、搜索强命中:品牌设计、职位强命中:视觉设计）
2026-06-26 15:02:43,422 [INFO]     🎓 检测到校招/应届岗，使用学生版简历
2026-06-26 15:02:43,427 [INFO]     🤖 正在生成AI打招呼语（mimo-v2.5-pro）...
2026-06-26 15:02:43,427 [INFO]     🧩 岗位关键词: 平面/海报设计、视觉传达、品牌/VI设计
2026-06-26 15:03:08,532 [WARNING]     ⚠️ AI API调用失败: Request timed out.
2026-06-26 15:03:08,533 [INFO]     🧯 使用本地兜底招呼语：AI调用失败
2026-06-26 15:03:08,533 [INFO]     💡 AI生成内容: 您好，我是2026届视觉传达设计本科生，想应聘贵公司的视觉设计师（应届生）岗位。
我会使用 Photoshop、Illu...
2026-06-26 15:03:22,444 [INFO]     🧹 列表页招聘人「深圳市夏洛咨询」疑似公司/职位/泛称，已清空
2026-06-26 15:03:22,445 [INFO]     [深圳市夏洛咨询] 财富管理经理（欢迎香港优才、高才、IANG）  -K  HR:-  活跃:-
2026-06-26 15:03:22,446 [INFO]     ⏭  跳过 → 薪资过高（-K，上限 80.0K > 15K）
2026-06-26 15:03:36,623 [INFO]     🧹 列表页招聘人「格莱维特」疑似公司/职位/泛称，已清空
2026-06-26 15:03:36,624 [INFO]     [格莱维特] 带货主播（新手可培养）  -K  HR:-  活跃:-
2026-06-26 15:03:36,624 [INFO]     ⏭  跳过 → 不含必要关键词
2026-06-26 15:03:50,957 [INFO]     🧹 列表页招聘人「杰美晟模具有限公司」疑似公司/职位/泛称，已清空
2026-06-26 15:03:50,957 [INFO]     [杰美晟模具有限公司] 模具设计助理  -K  HR:-  活跃:-
2026-06-26 15:03:50,958 [INFO]     ⏭  跳过 → 含跳过词「模具设计」
2026-06-26 15:04:04,902 [INFO]     🧹 列表页招聘人「凡岛」疑似公司/职位/泛称，已清空
2026-06-26 15:04:04,903 [INFO]     [凡岛] 品牌管培生（产品经理）洗护护肤方向 26届  -K  HR:-  活跃:-
2026-06-26 15:04:04,903 [INFO]     ⏭  跳过 → 薪资过高（-K，上限 25.0K > 15K）
2026-06-26 15:04:18,949 [INFO]     🧹 列表页招聘人「卓弘传媒」疑似公司/职位/泛称，已清空
2026-06-26 15:04:18,950 [INFO]     [卓弘传媒] 小红书助理  -K  HR:-  活跃:-
2026-06-26 15:04:18,950 [INFO]     ⏭  跳过 → 不含必要关键词
2026-06-26 15:04:32,812 [INFO]     🧹 列表页招聘人「熙弘文化」疑似公司/职位/泛称，已清空
2026-06-26 15:04:32,813 [INFO]     [熙弘文化] 金融管培生  -K  HR:-  活跃:-
2026-06-26 15:04:32,813 [INFO]     ⏭  跳过 → 薪资过高（-K，上限 30.0K > 15K）
2026-06-26 15:04:39,250 [INFO] 
⚠️ 用户中断 (Ctrl+C)，正在清理...
2026-06-26 15:17:00,722 [INFO] 🗂️  已加载本地历史: 0 已投递 / 26 已跳过（扫描 55 条，今日已投递 0 条）
2026-06-26 15:17:00,722 [WARNING] Closing existing Edge processes before automation launch...
2026-06-26 15:17:03,440 [INFO] 正在启动 Edge 浏览器...
2026-06-26 15:17:04,721 [INFO] ✅ 成功接管本地 Edge 浏览器！
2026-06-26 15:17:05,368 [INFO] 检查 Boss直聘 登录状态...
2026-06-26 15:17:09,973 [INFO] ✅ 检测到已登录！
2026-06-26 15:17:09,974 [INFO] 🔬 开始验证 scene=3（最新排序）是否与 scene=1（推荐）结果不同...
2026-06-26 15:17:12,083 [INFO]     scene=1 → 第1条jobId: 71216d6052b4...  共15条
2026-06-26 15:17:17,020 [INFO]     scene=3 → 第1条jobId: 71216d6052b4...  共15条
2026-06-26 15:17:17,020 [WARNING] ⚠️ scene=3 与 scene=1 返回结果相同，后端可能未区分此参数
2026-06-26 15:17:17,021 [WARNING]    → 回退使用 scene=1（推荐排序），改用HR活跃时间作为近似排序
2026-06-26 15:17:17,021 [INFO] 🎉 准备就绪！scene=1 | 经验要求=校招/应届 | AI=已启用 | 每日上限=150 | 测试模式=开启（只生成不发送）
2026-06-26 15:17:17,021 [INFO] 🔌 正在测试MiMo API连通性... model=mimo-v2.5-pro base_url=https://token-plan-cn.xiaomimimo.com/v1
2026-06-26 15:17:22,757 [INFO] ✅ API连通正常！测试响应: 可以
2026-06-26 15:17:22,757 [INFO] 
========================================
2026-06-26 15:17:22,758 [INFO] 🔍 关键词:【品牌设计】 城市:【深圳】 scene=1
2026-06-26 15:17:22,758 [INFO] ========================================
2026-06-26 15:17:22,758 [INFO] 🎓 已开启校招/应届生过滤
2026-06-26 15:17:25,977 [INFO]   📄 第 1 页 (进度: 0/10)...
2026-06-26 15:17:27,782 [INFO]     ⏬ 正在滚动加载完整岗位列表...
2026-06-26 15:17:42,487 [INFO]     🕐 已按HR活跃时间辅助排序（30张卡片）
2026-06-26 15:17:45,759 [INFO]     🧹 列表页招聘人「图拉斯」疑似公司/职位/泛称，已清空
2026-06-26 15:17:45,759 [INFO]     [图拉斯] 设计管培生  -K  HR:-  活跃:-
2026-06-26 15:17:47,431 [INFO]     👤 详情页补抓招聘人: 左婉茹
2026-06-26 15:17:49,443 [INFO]     📋 成功抓取职位描述（632字）
2026-06-26 15:17:49,444 [INFO]     📄 画像匹配: 【brand_visual】← 搜索词:品牌设计、搜索词强命中:品牌设计、搜索词偏好:品牌，score=56
2026-06-26 15:17:49,445 [INFO]     🧭 岗位适配分: 44（画像=brand_visual，搜索命中:品牌设计、搜索强命中:品牌设计、搜索偏好:品牌）
2026-06-26 15:17:49,445 [INFO]     🎓 检测到校招/应届岗，使用学生版简历
2026-06-26 15:17:49,450 [INFO]     🤖 正在生成AI打招呼语（mimo-v2.5-pro）...
2026-06-26 15:17:49,450 [INFO]     🧩 岗位关键词: 视觉传达、电商/详情页设计、平面/海报设计
2026-06-26 15:18:11,859 [INFO]     💡 AI生成内容: 您好，我是2026届视觉传达设计本科生，想应聘贵公司的设计管培生岗位。我熟练掌握Photoshop和Illustrato...
2026-06-26 15:18:26,009 [INFO]     🧹 列表页招聘人「千浪科技」疑似公司/职位/泛称，已清空
2026-06-26 15:18:26,010 [INFO]     [千浪科技] 平面设计师 双休 应届生 无责  -K  HR:-  活跃:-
2026-06-26 15:18:27,872 [INFO]     👤 详情页补抓招聘人: 王园亮
2026-06-26 15:18:29,893 [INFO]     📋 成功抓取职位描述（964字）
2026-06-26 15:18:29,893 [INFO]     📄 画像匹配: 【general_visual】← 职位名:平面设计、职位名强命中:平面设计、职位名偏好:平面，score=64
2026-06-26 15:18:29,894 [INFO]     🧭 岗位适配分: 67（画像=general_visual，职位命中:平面设计、职位强命中:平面设计、职位偏好:平面）
2026-06-26 15:18:29,894 [INFO]     🎓 检测到校招/应届岗，使用学生版简历
2026-06-26 15:18:29,900 [INFO]     🤖 正在生成AI打招呼语（mimo-v2.5-pro）...
2026-06-26 15:18:29,900 [INFO]     🧩 岗位关键词: 视觉传达、平面/海报设计、品牌/VI设计
2026-06-26 15:19:04,374 [WARNING]     ⚠️ AI招呼语校验未通过: 包含风险表述：资深
2026-06-26 15:19:04,374 [INFO]     🧯 使用本地兜底招呼语
2026-06-26 15:19:04,374 [INFO]     💡 AI生成内容: 您好，我是2026届视觉传达设计本科生，想应聘贵公司的平面设计师双休应届生无责岗位。
我会使用 Photoshop、Il...
2026-06-26 15:19:18,192 [INFO]     🧹 列表页招聘人「歌力思」疑似公司/职位/泛称，已清空
2026-06-26 15:19:18,192 [INFO]     [歌力思] 男装设计助理  -K·薪  HR:-  活跃:-
2026-06-26 15:19:18,192 [INFO]     ⏭  跳过 → 本地历史记录曾跳过
2026-06-26 15:19:32,117 [INFO]     🧹 列表页招聘人「君润物流」疑似公司/职位/泛称，已清空
2026-06-26 15:19:32,117 [INFO]     [君润物流] UI设计师  -K  HR:-  活跃:-
2026-06-26 15:19:32,118 [INFO]     ⏭  跳过 → 本地历史记录曾跳过
2026-06-26 15:19:44,403 [INFO] 
⚠️ 用户中断 (Ctrl+C)，正在清理...
2026-06-26 15:23:18,582 [INFO] 🗂️  已加载本地历史: 0 已投递 / 26 已跳过（扫描 59 条，今日已投递 0 条）
2026-06-26 15:23:18,583 [WARNING] Closing existing Edge processes before automation launch...
2026-06-26 15:23:21,316 [INFO] 正在启动 Edge 浏览器...
2026-06-26 15:23:22,558 [INFO] ✅ 成功接管本地 Edge 浏览器！
2026-06-26 15:23:22,573 [INFO] 检查 Boss直聘 登录状态...
2026-06-26 15:23:27,256 [INFO] ✅ 检测到已登录！
2026-06-26 15:23:27,257 [INFO] 🔬 开始验证 scene=3（最新排序）是否与 scene=1（推荐）结果不同...
2026-06-26 15:23:28,664 [INFO]     scene=1 → 第1条jobId: e874674dd46f...  共15条
2026-06-26 15:23:32,951 [INFO]     scene=3 → 第1条jobId: e874674dd46f...  共15条
2026-06-26 15:23:32,952 [WARNING] ⚠️ scene=3 与 scene=1 返回结果相同，后端可能未区分此参数
2026-06-26 15:23:32,952 [WARNING]    → 回退使用 scene=1（推荐排序），改用HR活跃时间作为近似排序
2026-06-26 15:23:32,953 [INFO] 🎉 准备就绪！scene=1 | 经验要求=校招/应届 | AI=已启用 | 每日上限=150 | 测试模式=关闭
2026-06-26 15:23:32,954 [INFO] 🔌 正在测试MiMo API连通性... model=mimo-v2.5-pro base_url=https://token-plan-cn.xiaomimimo.com/v1
2026-06-26 15:23:36,525 [INFO] ✅ API连通正常！测试响应: 可以
2026-06-26 15:23:36,526 [INFO] 
========================================
2026-06-26 15:23:36,527 [INFO] 🔍 关键词:【品牌设计】 城市:【深圳】 scene=1
2026-06-26 15:23:36,527 [INFO] ========================================
2026-06-26 15:23:36,527 [INFO] 🎓 已开启校招/应届生过滤
2026-06-26 15:23:39,280 [INFO]   📄 第 1 页 (进度: 0/10)...
2026-06-26 15:23:40,675 [INFO]     ⏬ 正在滚动加载完整岗位列表...
2026-06-26 15:23:55,195 [INFO]     🕐 已按HR活跃时间辅助排序（30张卡片）
2026-06-26 15:23:58,574 [INFO]     🧹 列表页招聘人「图拉斯」疑似公司/职位/泛称，已清空
2026-06-26 15:23:58,575 [INFO]     [图拉斯] 设计管培生  -K  HR:-  活跃:-
2026-06-26 15:24:00,496 [INFO]     👤 详情页补抓招聘人: 左婉茹
2026-06-26 15:24:02,507 [INFO]     📋 成功抓取职位描述（632字）
2026-06-26 15:24:02,507 [INFO]     📄 画像匹配: 【brand_visual】← 搜索词:品牌设计、搜索词强命中:品牌设计、搜索词偏好:品牌，score=56
2026-06-26 15:24:02,508 [INFO]     🧭 岗位适配分: 44（画像=brand_visual，搜索命中:品牌设计、搜索强命中:品牌设计、搜索偏好:品牌）
2026-06-26 15:24:02,508 [INFO]     🎓 检测到校招/应届岗，使用学生版简历
2026-06-26 15:24:02,512 [INFO]     🤖 正在生成AI打招呼语（mimo-v2.5-pro）...
2026-06-26 15:24:02,513 [INFO]     🧩 岗位关键词: 视觉传达、电商/详情页设计、平面/海报设计
2026-06-26 15:24:34,267 [INFO]     💡 AI生成内容: 您好，我是2026届视觉传达设计本科生，想应聘贵公司的设计管培生岗位。 我熟练使用Photoshop、Illustrat...
2026-06-26 15:24:36,514 [INFO]     🔍 点击后URL: https://www.zhipin.com/job_detail/eecaf39251eff6510nd43dm9F1VS.html
2026-06-26 15:24:43,544 [INFO]     📌 未检测到弹窗，等待页面跳转后发送...
2026-06-26 15:24:45,204 [INFO]     ⏳ 等待聊天页Vue组件渲染（最多8s）...
2026-06-26 15:24:45,205 [INFO]     ✅ 聊天页Vue组件渲染完成
2026-06-26 15:24:45,206 [INFO]     🔎 正在扫描聊天输入框...
2026-06-26 15:24:45,209 [INFO]     🎯 JS快速扫描找到输入框
2026-06-26 15:24:45,209 [INFO]     💬 在当前tab直接找到输入框，无需跳转
2026-06-26 15:24:45,209 [INFO]     🔍 当前tab发送前按公司/招聘人确认联系人...
2026-06-26 15:24:45,215 [INFO]     ✅ 当前会话公司「图拉斯」+招聘人「左婉茹」双校验通过
2026-06-26 15:24:45,218 [INFO]     ✅ 当前会话公司「图拉斯」+招聘人「左婉茹」双校验通过
2026-06-26 15:24:46,050 [INFO]     ⌨️ 正在逐字模拟真人输入AI消息...
2026-06-26 15:28:17,315 [INFO]     💬 AI消息发送成功！
2026-06-26 15:28:17,315 [INFO]     ✅ 投递成功！[图拉斯] 设计管培生
2026-06-26 15:28:34,637 [INFO]     🧹 列表页招聘人「北京某大型房地产开发经营上市公司」疑似公司/职位/泛称，已清空
2026-06-26 15:28:34,638 [INFO]     [北京某大型房地产开发经营上市公司] 市场营销 / 品牌策划 （可转正）头部企业  -K  HR:-  活跃:-
2026-06-26 15:28:34,638 [INFO]     ⏭  跳过 → 本地历史记录曾跳过
2026-06-26 15:28:48,883 [INFO]     🧹 列表页招聘人「立达信」疑似公司/职位/泛称，已清空
2026-06-26 15:28:48,884 [INFO]     [立达信] 设计实习生（平面/产品/品牌与包装）  -K  HR:-  活跃:-
2026-06-26 15:28:50,676 [INFO]     👤 详情页补抓招聘人: 李女士
2026-06-26 15:28:52,686 [INFO]     📋 成功抓取职位描述（1474字）
2026-06-26 15:28:52,686 [INFO]     📄 画像匹配: 【general_visual】← 职位名:包装、职位名偏好:平面、职位名偏好:包装，score=65
2026-06-26 15:28:52,687 [INFO]     🧭 岗位适配分: 63（画像=general_visual，职位命中:包装、职位偏好:平面、职位偏好:包装、JD负向:运营）
2026-06-26 15:28:52,687 [INFO]     🎓 检测到校招/应届岗，使用学生版简历
2026-06-26 15:28:52,692 [INFO]     🤖 正在生成AI打招呼语（mimo-v2.5-pro）...
2026-06-26 15:28:52,692 [INFO]     🧩 岗位关键词: 平面/海报设计、视觉传达、品牌/VI设计
2026-06-26 15:29:21,878 [INFO]     💡 AI生成内容: 您好，我是2026届视觉传达设计本科生，想应聘贵公司的设计实习生（平面/产品/品牌与包装）岗位。我熟练使用Photosh...
2026-06-26 15:29:24,140 [INFO]     🔍 点击后URL: https://www.zhipin.com/job_detail/7f8ed3eb609a0e7c0nF73du7FlZY.html
2026-06-26 15:29:31,171 [INFO]     📌 未检测到弹窗，等待页面跳转后发送...
2026-06-26 15:29:32,831 [INFO]     ⏳ 等待聊天页Vue组件渲染（最多8s）...
2026-06-26 15:29:32,832 [INFO]     ✅ 聊天页Vue组件渲染完成
2026-06-26 15:29:32,832 [INFO]     🔎 正在扫描聊天输入框...
2026-06-26 15:29:32,840 [INFO]     🎯 JS快速扫描找到输入框
2026-06-26 15:29:32,840 [INFO]     💬 在当前tab直接找到输入框，无需跳转
2026-06-26 15:29:32,841 [INFO]     🔍 当前tab发送前按公司/招聘人确认联系人...
2026-06-26 15:29:32,844 [INFO]     ↪️ 当前会话标题/选中联系人未命中「立达信」，可见文本:「3-4K 完善在线简历 新增附件简历 完善在线简历 新增附件简历 ... 生日福利节日福利免费班车团建聚餐零食下午茶员工旅游带薪年假工龄奖加」
2026-06-26 15:29:34,607 [INFO]     📋 已识别聊天联系人候选 1 项，前几项: 已发送您好，我对贵公司的职位很感兴趣，可以进一步沟通吗？
2026-06-26 15:29:34,608 [INFO]     🔍 点击第1项「已发送您好，我对贵公司的职位很感兴趣，可以进一步沟通吗？」，打开后校验是否为「立达信」
2026-06-26 15:29:36,429 [INFO]     ↪️ 当前会话标题/选中联系人未命中「立达信」，可见文本:「3-4K 完善在线简历 新增附件简历 完善在线简历 新增附件简历 ... 生日福利节日福利免费班车团建聚餐零食下午茶员工旅游带薪年假工龄奖加」
2026-06-26 15:29:36,430 [INFO]     ↪️ 第1项不是目标公司，继续检查下一项
2026-06-26 15:29:36,430 [WARNING]     ⚠️ 前1项均未校验为公司「立达信」，跳过AI消息发送，避免发错人
2026-06-26 15:29:36,430 [WARNING]     ⚠️ 当前tab联系人未通过公司校验，不直接发送
2026-06-26 15:29:36,431 [WARNING]     ⚠️ 当前tab未找到输入框，尝试fallback导航...
2026-06-26 15:29:36,431 [INFO]     🚀 导航到聊天页: https://www.zhipin.com/web/geek/chat
2026-06-26 15:29:36,621 [INFO]     ⏳ 等待聊天页Vue组件渲染（最多10s）...
2026-06-26 15:29:36,649 [INFO]     ⏳ 聊天页仍在渲染/加载，继续等待（剩余约10s）
2026-06-26 15:29:38,256 [INFO]     ✅ 聊天页Vue组件渲染完成
2026-06-26 15:29:39,319 [INFO]     🔎 正在扫描聊天输入框...
2026-06-26 15:29:44,075 [INFO]     ↪️ 本轮未定位到可见聊天输入框
2026-06-26 15:29:44,075 [INFO]     🔍 跳转后右侧未展开，按公司名匹配联系人列表...
2026-06-26 15:29:44,105 [INFO]     📋 已识别聊天联系人候选 8 项，前几项: 15:29李女士立达信高级HRBP管理师 [送达] 您好，我对贵公司的 | 15:29李女士立达信高级HRBP管理师 [送达] 您好，我对贵公司的 | 15:29李女士立达信高级HRBP管理师 [送达] 您好，我对贵公司的
2026-06-26 15:29:44,106 [INFO]     ✅ 第1项列表文本命中公司片段「立达信」，点击该联系人
2026-06-26 15:29:45,809 [INFO]     ✅ 当前会话公司「立达信」+招聘人「李女士」双校验通过
2026-06-26 15:29:45,810 [INFO]     ✅ 第1项点击后右侧会话校验通过，准备发送AI消息
2026-06-26 15:29:47,525 [INFO]     🔎 正在扫描聊天输入框...
2026-06-26 15:29:47,528 [INFO]     🎯 JS快速扫描找到输入框
2026-06-26 15:29:47,531 [INFO]     ✅ 当前会话公司「立达信」+招聘人「李女士」双校验通过
2026-06-26 15:29:48,965 [INFO]     ⌨️ 正在逐字模拟真人输入AI消息...
2026-06-26 15:32:53,958 [INFO]     💬 AI消息发送成功！
2026-06-26 15:32:55,148 [INFO]     ✅ 投递成功！[立达信] 设计实习生（平面/产品/品牌与包装）
2026-06-26 15:33:11,323 [INFO]     🧹 列表页招聘人「小城故事文化集团」疑似公司/职位/泛称，已清空
2026-06-26 15:33:11,324 [INFO]     [小城故事文化集团] 园林/景观设计岗  -K  HR:-  活跃:-
2026-06-26 15:33:11,324 [INFO]     ⏭  跳过 → 本地历史记录曾跳过
2026-06-26 15:33:25,736 [INFO]     🧹 列表页招聘人「鸿荣源壹方商用置...」疑似公司/职位/泛称，已清空
2026-06-26 15:33:25,736 [INFO]     [鸿荣源壹方商用置] 平面设计师  -K·薪  HR:-  活跃:-
2026-06-26 15:33:27,538 [INFO]     👤 详情页补抓招聘人: 陈先生
2026-06-26 15:33:29,550 [INFO]     📋 成功抓取职位描述（148字）
2026-06-26 15:33:29,552 [INFO]     📄 画像匹配: 【general_visual】← 职位名:平面设计、职位名强命中:平面设计、职位名偏好:平面，score=64
2026-06-26 15:33:29,552 [INFO]     🧭 岗位适配分: 54（画像=general_visual，职位命中:平面设计、职位强命中:平面设计、职位偏好:平面）
2026-06-26 15:33:29,553 [INFO]     💼 检测到社招岗，使用项目/实习经历口径
2026-06-26 15:33:29,562 [INFO]     🤖 正在生成AI打招呼语（mimo-v2.5-pro）...
2026-06-26 15:33:29,563 [INFO]     🧩 岗位关键词: 平面/海报设计、视觉传达
2026-06-26 15:33:51,845 [INFO] 
⚠️ 用户中断 (Ctrl+C)，正在清理...
2026-06-26 15:38:25,416 [INFO] 🗂️  已加载本地历史: 2 已投递 / 26 已跳过（扫描 63 条，今日已投递 2 条）
2026-06-26 15:38:25,416 [WARNING] Closing existing Edge processes before automation launch...
2026-06-26 15:38:28,137 [INFO] 正在启动 Edge 浏览器...
2026-06-26 15:38:29,448 [INFO] ✅ 成功接管本地 Edge 浏览器！
2026-06-26 15:38:29,922 [INFO] 检查 Boss直聘 登录状态...
2026-06-26 15:38:33,860 [INFO] ✅ 检测到已登录！
2026-06-26 15:38:33,861 [INFO] 🔬 开始验证 scene=3（最新排序）是否与 scene=1（推荐）结果不同...
2026-06-26 15:38:36,060 [INFO]     scene=1 → 第1条jobId: e874674dd46f...  共15条
2026-06-26 15:38:40,890 [INFO]     scene=3 → 第1条jobId: e874674dd46f...  共15条
2026-06-26 15:38:40,890 [WARNING] ⚠️ scene=3 与 scene=1 返回结果相同，后端可能未区分此参数
2026-06-26 15:38:40,891 [WARNING]    → 回退使用 scene=1（推荐排序），改用HR活跃时间作为近似排序
2026-06-26 15:38:40,891 [INFO] 🎉 准备就绪！scene=1 | 经验要求=校招/应届 | AI=已启用 | 每日上限=150 | 测试模式=关闭
2026-06-26 15:38:40,892 [INFO] 🔌 正在测试MiMo API连通性... model=mimo-v2.5-pro base_url=https://token-plan-cn.xiaomimimo.com/v1
2026-06-26 15:38:45,180 [INFO] ✅ API连通正常！测试响应: 可以
2026-06-26 15:38:45,181 [INFO] 
========================================
2026-06-26 15:38:45,181 [INFO] 🔍 关键词:【品牌设计】 城市:【深圳】 scene=1
2026-06-26 15:38:45,181 [INFO] ========================================
2026-06-26 15:38:45,182 [INFO] 🎓 已开启校招/应届生过滤
2026-06-26 15:38:47,849 [INFO]   📄 第 1 页 (进度: 0/10)...
2026-06-26 15:38:49,468 [INFO]     ⏬ 正在滚动加载完整岗位列表...
2026-06-26 15:39:03,770 [INFO]     🕐 已按HR活跃时间辅助排序（30张卡片）
2026-06-26 15:39:07,268 [INFO]     🧹 列表页招聘人「图拉斯」疑似公司/职位/泛称，已清空
2026-06-26 15:39:07,269 [INFO]     [图拉斯] 主播实习生（需上镜）  -K  HR:-  活跃:-
2026-06-26 15:39:07,269 [INFO]     ⏭  跳过 → 本地历史记录曾跳过
2026-06-26 15:39:21,359 [INFO]     🧹 列表页招聘人「北京某大型房地产开发经营上市公司」疑似公司/职位/泛称，已清空
2026-06-26 15:39:21,360 [INFO]     [北京某大型房地产开发经营上市公司] 市场营销 / 品牌策划 （可转正）头部企业  -K  HR:-  活跃:-
2026-06-26 15:39:21,360 [INFO]     ⏭  跳过 → 本地历史记录曾跳过
2026-06-26 15:39:35,639 [INFO]     🧹 列表页招聘人「小城故事文化集团」疑似公司/职位/泛称，已清空
2026-06-26 15:39:35,640 [INFO]     [小城故事文化集团] 园林/景观设计岗  -K  HR:-  活跃:-
2026-06-26 15:39:35,640 [INFO]     ⏭  跳过 → 本地历史记录曾跳过
2026-06-26 15:39:49,524 [INFO]     🧹 列表页招聘人「深圳千蚁科技有限公司」疑似公司/职位/泛称，已清空
2026-06-26 15:39:49,525 [INFO]     [深圳千蚁科技有限公司] 平面设计师 双休 无责  -K  HR:-  活跃:-
2026-06-26 15:39:51,823 [INFO]     👤 详情页补抓招聘人: 冯丽
2026-06-26 15:39:53,833 [INFO]     📋 成功抓取职位描述（964字）
2026-06-26 15:39:53,834 [INFO]     📄 画像匹配: 【general_visual】← 职位名:平面设计、职位名强命中:平面设计、职位名偏好:平面，score=64
2026-06-26 15:39:53,835 [INFO]     🧭 岗位适配分: 67（画像=general_visual，职位命中:平面设计、职位强命中:平面设计、职位偏好:平面）
2026-06-26 15:39:53,835 [INFO]     💼 检测到社招岗，使用项目/实习经历口径
2026-06-26 15:39:53,840 [INFO]     🤖 正在生成AI打招呼语（mimo-v2.5-pro）...
2026-06-26 15:39:53,840 [INFO]     🧩 岗位关键词: 视觉传达、平面/海报设计、品牌/VI设计
2026-06-26 15:40:21,995 [INFO]     💡 AI生成内容: 您好，我具备视觉传达设计背景，想应聘贵公司的平面设计师 双休 无责岗位。我熟练掌握Photoshop和Illustrat...
2026-06-26 15:40:24,030 [INFO]     🔍 点击后URL: https://www.zhipin.com/job_detail/f1d5fa0e893a0eed0nZ_3Nm7FVRQ.html
2026-06-26 15:40:31,070 [INFO]     📌 未检测到弹窗，等待页面跳转后发送...
2026-06-26 15:40:33,070 [INFO]     ⏳ 等待聊天页Vue组件渲染（最多8s）...
2026-06-26 15:40:33,077 [INFO]     ✅ 聊天页Vue组件渲染完成
2026-06-26 15:40:33,077 [INFO]     🔎 正在扫描聊天输入框...
2026-06-26 15:40:33,082 [INFO]     🎯 JS快速扫描找到输入框
2026-06-26 15:40:33,083 [INFO]     💬 在当前tab直接找到输入框，无需跳转
2026-06-26 15:40:33,083 [INFO]     🔍 当前tab发送前按公司/招聘人确认联系人...
2026-06-26 15:40:33,090 [WARNING]     ⚠️ 当前会话命中公司「深圳千蚁科技有限公司」，但未命中招聘人「冯丽」，跳过发送
2026-06-26 15:40:34,820 [INFO]     📋 已识别聊天联系人候选 1 项，前几项: 已发送您好，我对贵公司的职位很感兴趣，可以进一步沟通吗？
2026-06-26 15:40:34,820 [INFO]     🔍 点击第1项「已发送您好，我对贵公司的职位很感兴趣，可以进一步沟通吗？」，打开后校验是否为「深圳千蚁科技有限公司」
2026-06-26 15:40:36,061 [WARNING]     ⚠️ 当前会话命中公司「深圳千蚁科技有限公司」，但未命中招聘人「冯丽」，跳过发送
2026-06-26 15:40:36,062 [INFO]     ↪️ 第1项不是目标公司，继续检查下一项
2026-06-26 15:40:36,062 [WARNING]     ⚠️ 前1项均未校验为公司「深圳千蚁科技有限公司」，跳过AI消息发送，避免发错人
2026-06-26 15:40:36,062 [WARNING]     ⚠️ 当前tab联系人未通过公司校验，不直接发送
2026-06-26 15:40:36,063 [WARNING]     ⚠️ 当前tab未找到输入框，尝试fallback导航...
2026-06-26 15:40:36,064 [INFO]     🚀 导航到聊天页: https://www.zhipin.com/web/geek/chat
2026-06-26 15:40:36,118 [INFO]     ⏳ 等待聊天页Vue组件渲染（最多10s）...
2026-06-26 15:40:36,168 [INFO]     ⏳ 聊天页仍在渲染/加载，继续等待（剩余约10s）
2026-06-26 15:40:37,027 [INFO]     ✅ 聊天页Vue组件渲染完成
2026-06-26 15:40:38,033 [INFO]     🔎 正在扫描聊天输入框...
2026-06-26 15:40:42,774 [INFO]     ↪️ 本轮未定位到可见聊天输入框
2026-06-26 15:40:42,774 [INFO]     🔍 跳转后右侧未展开，按公司名匹配联系人列表...
2026-06-26 15:40:42,805 [INFO]     📋 已识别聊天联系人候选 8 项，前几项: 15:40冯丽深圳千蚁科技有限公司HR [送达] 您好，我对贵公司的职 | 15:40冯丽深圳千蚁科技有限公司HR [送达] 您好，我对贵公司的职 | 15:40冯丽深圳千蚁科技有限公司HR [送达] 您好，我对贵公司的职
2026-06-26 15:40:42,806 [INFO]     ✅ 第1项列表文本命中公司片段「深圳千蚁科技有限公司」，点击该联系人
2026-06-26 15:40:44,404 [INFO]     ✅ 当前会话公司「深圳千蚁科技有限公司」+招聘人「冯丽」双校验通过
2026-06-26 15:40:44,405 [INFO]     ✅ 第1项点击后右侧会话校验通过，准备发送AI消息
2026-06-26 15:40:46,258 [INFO]     🔎 正在扫描聊天输入框...
2026-06-26 15:40:46,261 [INFO]     🎯 JS快速扫描找到输入框
2026-06-26 15:40:46,264 [INFO]     ✅ 当前会话公司「深圳千蚁科技有限公司」+招聘人「冯丽」双校验通过
2026-06-26 15:40:47,369 [INFO]     ⌨️ 正在逐字模拟真人输入AI消息...
2026-06-26 15:41:36,702 [INFO]     💬 AI消息发送成功！
2026-06-26 15:41:37,859 [INFO]     ✅ 投递成功！[深圳千蚁科技有限公司] 平面设计师 双休 无责
2026-06-26 15:41:54,514 [INFO]     🧹 列表页招聘人「深圳星际光年科技」疑似公司/职位/泛称，已清空
2026-06-26 15:41:54,514 [INFO]     [深圳星际光年科技] 结构设计工程师实习生  -K  HR:-  活跃:-
2026-06-26 15:41:54,515 [INFO]     ⏭  跳过 → 本地历史记录曾跳过
2026-06-26 15:42:08,712 [INFO]     🧹 列表页招聘人「深圳杰恩建筑设计」疑似公司/职位/泛称，已清空
2026-06-26 15:42:08,713 [INFO]     [深圳杰恩建筑设计] 助理设计师-26应届  -K  HR:-  活跃:-
2026-06-26 15:42:08,713 [INFO]     ⏭  跳过 → 本地历史记录曾跳过
2026-06-26 15:42:22,905 [INFO]     🧹 列表页招聘人「艾丽斯卡」疑似公司/职位/泛称，已清空
2026-06-26 15:42:22,906 [INFO]     [艾丽斯卡] 产品助理(A126916)  -K  HR:-  活跃:-
2026-06-26 15:42:22,907 [INFO]     ⏭  跳过 → 本地历史记录曾跳过
2026-06-26 15:42:37,073 [INFO]     🧹 列表页招聘人「华润三九」疑似公司/职位/泛称，已清空
2026-06-26 15:42:37,073 [INFO]     [华润三九] 华润三九专业品牌事业部总部营销管培生  -K  HR:-  活跃:-
2026-06-26 15:42:37,074 [INFO]     ⏭  跳过 → 本地历史记录曾跳过
2026-06-26 15:42:51,315 [INFO]     🧹 列表页招聘人「达妙科技」疑似公司/职位/泛称，已清空
2026-06-26 15:42:51,315 [INFO]     [达妙科技] 机械结构设计工程师  -K  HR:-  活跃:-
2026-06-26 15:42:51,316 [INFO]     ⏭  跳过 → 本地历史记录曾跳过
2026-06-26 15:43:05,285 [INFO]     🧹 列表页招聘人「品胜电子」疑似公司/职位/泛称，已清空
2026-06-26 15:43:05,285 [INFO]     [品胜电子] AIGC平面设计管培生-品胜3C数码领导品牌  -K  HR:-  活跃:-
2026-06-26 15:43:06,904 [INFO]     👤 详情页补抓招聘人: 柳梅
2026-06-26 15:43:08,915 [INFO]     📋 成功抓取职位描述（1432字）
2026-06-26 15:43:08,916 [INFO]     📄 画像匹配: 【general_visual】← 职位名:平面设计、职位名强命中:平面设计、职位名偏好:平面，score=71
2026-06-26 15:43:08,916 [INFO]     🧭 岗位适配分: 80（画像=general_visual，职位命中:平面设计、职位强命中:平面设计、职位偏好:平面、JD负向:硬件）
2026-06-26 15:43:08,917 [INFO]     🎓 检测到校招/应届岗，使用学生版简历
2026-06-26 15:43:08,922 [INFO]     🤖 正在生成AI打招呼语（mimo-v2.5-pro）...
2026-06-26 15:43:08,922 [INFO]     🧩 岗位关键词: 平面/海报设计、视觉传达、品牌/VI设计
2026-06-26 15:43:37,675 [INFO]     💡 AI生成内容: 您好，我是2026届视觉传达设计本科生，想应聘贵公司的AIGC平面设计管培生-品胜3C数码领导品牌岗位。 我熟练掌握Ph...
2026-06-26 15:43:39,777 [INFO]     🔍 点击后URL: https://www.zhipin.com/job_detail/0c921169701462130nZ_2tu6E1pV.html
2026-06-26 15:43:46,814 [INFO]     📌 未检测到弹窗，等待页面跳转后发送...
2026-06-26 15:43:48,492 [INFO]     ⏳ 等待聊天页Vue组件渲染（最多8s）...
2026-06-26 15:43:48,494 [INFO]     ✅ 聊天页Vue组件渲染完成
2026-06-26 15:43:48,494 [INFO]     🔎 正在扫描聊天输入框...
2026-06-26 15:43:48,498 [INFO]     🎯 JS快速扫描找到输入框
2026-06-26 15:43:48,498 [INFO]     💬 在当前tab直接找到输入框，无需跳转
2026-06-26 15:43:48,499 [INFO]     🔍 当前tab发送前按公司/招聘人确认联系人...
2026-06-26 15:43:48,503 [INFO]     ↪️ 当前会话标题/选中联系人未命中「品胜电子」，可见文本:「8-10K 完善在线简历 新增附件简历 完善在线简历 新增附件简历 ... 节日福利宿舍有空调包住团建聚餐包吃员工旅游带薪年假工龄奖年终奖定」
2026-06-26 15:43:50,216 [INFO]     📋 已识别聊天联系人候选 1 项，前几项: 已发送您好，我对贵公司的职位很感兴趣，可以进一步沟通吗？
2026-06-26 15:43:50,217 [INFO]     🔍 点击第1项「已发送您好，我对贵公司的职位很感兴趣，可以进一步沟通吗？」，打开后校验是否为「品胜电子」
2026-06-26 15:43:51,847 [INFO]     ↪️ 当前会话标题/选中联系人未命中「品胜电子」，可见文本:「8-10K 完善在线简历 新增附件简历 完善在线简历 新增附件简历 ... 节日福利宿舍有空调包住团建聚餐包吃员工旅游带薪年假工龄奖年终奖定」
2026-06-26 15:43:51,847 [INFO]     ↪️ 第1项不是目标公司，继续检查下一项
2026-06-26 15:43:51,847 [WARNING]     ⚠️ 前1项均未校验为公司「品胜电子」，跳过AI消息发送，避免发错人
2026-06-26 15:43:51,848 [WARNING]     ⚠️ 当前tab联系人未通过公司校验，不直接发送
2026-06-26 15:43:51,848 [WARNING]     ⚠️ 当前tab未找到输入框，尝试fallback导航...
2026-06-26 15:43:51,849 [INFO]     🚀 导航到聊天页: https://www.zhipin.com/web/geek/chat
2026-06-26 15:43:51,903 [INFO]     ⏳ 等待聊天页Vue组件渲染（最多10s）...
2026-06-26 15:43:51,950 [INFO]     ⏳ 聊天页仍在渲染/加载，继续等待（剩余约10s）
2026-06-26 15:43:52,859 [INFO]     ✅ 聊天页Vue组件渲染完成
2026-06-26 15:43:54,134 [INFO]     🔎 正在扫描聊天输入框...
2026-06-26 15:43:58,877 [INFO]     ↪️ 本轮未定位到可见聊天输入框
2026-06-26 15:43:58,878 [INFO]     🔍 跳转后右侧未展开，按公司名匹配联系人列表...
2026-06-26 15:43:58,929 [INFO]     📋 已识别聊天联系人候选 8 项，前几项: 15:43柳梅品胜电子海外HRD [送达] 您好，我对贵公司的职位很感 | 15:43柳梅品胜电子海外HRD [送达] 您好，我对贵公司的职位很感 | 15:43柳梅品胜电子海外HRD [送达] 您好，我对贵公司的职位很感
2026-06-26 15:43:58,931 [INFO]     ✅ 第1项列表文本命中公司片段「品胜电子」，点击该联系人
2026-06-26 15:44:00,438 [INFO]     ✅ 当前会话公司「品胜电子」+招聘人「柳梅」双校验通过
2026-06-26 15:44:00,439 [INFO]     ✅ 第1项点击后右侧会话校验通过，准备发送AI消息
2026-06-26 15:44:02,417 [INFO]     🔎 正在扫描聊天输入框...
2026-06-26 15:44:02,420 [INFO]     🎯 JS快速扫描找到输入框
2026-06-26 15:44:02,422 [INFO]     ✅ 当前会话公司「品胜电子」+招聘人「柳梅」双校验通过
2026-06-26 15:44:03,597 [INFO]     ⌨️ 正在逐字模拟真人输入AI消息...
2026-06-26 15:44:54,255 [INFO]     💬 AI消息发送成功！
2026-06-26 15:44:55,063 [INFO]     ✅ 投递成功！[品胜电子] AIGC平面设计管培生-品胜3C数码领导品牌
2026-06-26 15:45:11,330 [INFO]     🧹 列表页招聘人「雅声文化传媒有限公司」疑似公司/职位/泛称，已清空
2026-06-26 15:45:11,331 [INFO]     [雅声文化传媒有限公司] 歌手艺人模特  -K  HR:-  活跃:-
2026-06-26 15:45:11,331 [INFO]     ⏭  跳过 → 本地历史记录曾跳过
2026-06-26 15:45:25,651 [INFO]     🧹 列表页招聘人「NIO蔚来」疑似公司/职位/泛称，已清空
2026-06-26 15:45:25,652 [INFO]     [NIO蔚来] 校招正式-乐道顾问-深圳（2026届）  -K·薪  HR:-  活跃:-
2026-06-26 15:45:25,652 [INFO]     ⏭  跳过 → 本地历史记录曾跳过
2026-06-26 15:45:39,930 [INFO]     🧹 列表页招聘人「深圳市小宇舟电子商务」疑似公司/职位/泛称，已清空
2026-06-26 15:45:39,930 [INFO]     [深圳市小宇舟电子商务] 珠宝设计师助理  -K  HR:-  活跃:-
2026-06-26 15:45:39,930 [INFO]     ⏭  跳过 → 含跳过词「珠宝设计」
2026-06-26 15:45:54,209 [INFO]     🧹 列表页招聘人「深圳觉对创意科技」疑似公司/职位/泛称，已清空
2026-06-26 15:45:54,209 [INFO]     [深圳觉对创意科技] 视觉设计师（应届生）  -K  HR:-  活跃:-
2026-06-26 15:45:56,441 [INFO]     👤 详情页补抓招聘人: 温女士
2026-06-26 15:45:58,456 [INFO]     📋 成功抓取职位描述（516字）
2026-06-26 15:45:58,457 [INFO]     📄 画像匹配: 【brand_visual】← 搜索词:品牌设计、职位名:视觉设计、搜索词强命中:品牌设计，score=103
2026-06-26 15:45:58,458 [INFO]     🧭 岗位适配分: 70（画像=brand_visual，搜索命中:品牌设计、职位命中:视觉设计、搜索强命中:品牌设计、职位强命中:视觉设计）
2026-06-26 15:45:58,458 [INFO]     🎓 检测到校招/应届岗，使用学生版简历
2026-06-26 15:45:58,463 [INFO]     🤖 正在生成AI打招呼语（mimo-v2.5-pro）...
2026-06-26 15:45:58,463 [INFO]     🧩 岗位关键词: 平面/海报设计、视觉传达、品牌/VI设计
2026-06-26 15:46:38,496 [INFO]     💡 AI生成内容: 您好，我是2026届视觉传达设计本科生，想应聘贵公司的视觉设计师（应届生）岗位。我对视觉设计充满热情，在校期间系统学习了...
2026-06-26 15:46:40,856 [INFO]     🔍 点击后URL: https://www.zhipin.com/job_detail/b20841d3f40b6d8f0nd73Nu4ElpW.html
2026-06-26 15:46:47,876 [INFO]     📌 未检测到弹窗，等待页面跳转后发送...
2026-06-26 15:46:49,620 [INFO]     ⏳ 等待聊天页Vue组件渲染（最多8s）...
2026-06-26 15:46:49,622 [INFO]     ✅ 聊天页Vue组件渲染完成
2026-06-26 15:46:49,623 [INFO]     🔎 正在扫描聊天输入框...
2026-06-26 15:46:49,627 [INFO]     🎯 JS快速扫描找到输入框
2026-06-26 15:46:49,627 [INFO]     💬 在当前tab直接找到输入框，无需跳转
2026-06-26 15:46:49,628 [INFO]     🔍 当前tab发送前按公司/招聘人确认联系人...
2026-06-26 15:46:49,632 [INFO]     ↪️ 当前会话标题/选中联系人未命中「深圳觉对创意科技」，可见文本:「5-7K 完善在线简历 新增附件简历 完善在线简历 新增附件简历 节日福利带薪年假五险一金 节日福利 带薪年假 五险一金」
2026-06-26 15:46:51,373 [INFO]     📋 已识别聊天联系人候选 1 项，前几项: 已发送您好，我对贵公司的职位很感兴趣，可以进一步沟通吗？
2026-06-26 15:46:51,374 [INFO]     🔍 点击第1项「已发送您好，我对贵公司的职位很感兴趣，可以进一步沟通吗？」，打开后校验是否为「深圳觉对创意科技」
2026-06-26 15:46:52,621 [INFO]     ↪️ 当前会话标题/选中联系人未命中「深圳觉对创意科技」，可见文本:「5-7K 完善在线简历 新增附件简历 完善在线简历 新增附件简历 节日福利带薪年假五险一金 节日福利 带薪年假 五险一金」
2026-06-26 15:46:52,621 [INFO]     ↪️ 第1项不是目标公司，继续检查下一项
2026-06-26 15:46:52,622 [WARNING]     ⚠️ 前1项均未校验为公司「深圳觉对创意科技」，跳过AI消息发送，避免发错人
2026-06-26 15:46:52,622 [WARNING]     ⚠️ 当前tab联系人未通过公司校验，不直接发送
2026-06-26 15:46:52,622 [WARNING]     ⚠️ 当前tab未找到输入框，尝试fallback导航...
2026-06-26 15:46:52,623 [INFO]     🚀 导航到聊天页: https://www.zhipin.com/web/geek/chat
2026-06-26 15:46:52,678 [INFO]     ⏳ 等待聊天页Vue组件渲染（最多10s）...
2026-06-26 15:46:52,721 [INFO]     ⏳ 聊天页仍在渲染/加载，继续等待（剩余约10s）
2026-06-26 15:46:53,772 [INFO]     ✅ 聊天页Vue组件渲染完成
2026-06-26 15:46:54,931 [INFO]     🔎 正在扫描聊天输入框...
2026-06-26 15:46:59,674 [INFO]     ↪️ 本轮未定位到可见聊天输入框
2026-06-26 15:46:59,675 [INFO]     🔍 跳转后右侧未展开，按公司名匹配联系人列表...
2026-06-26 15:46:59,727 [INFO]     📋 已识别聊天联系人候选 8 项，前几项: 15:46温女士深圳觉对创意科技HRBP [送达] 您好，我对贵公司的 | 15:46温女士深圳觉对创意科技HRBP [送达] 您好，我对贵公司的 | 15:46温女士深圳觉对创意科技HRBP [送达] 您好，我对贵公司的
2026-06-26 15:46:59,729 [INFO]     ✅ 第1项列表文本命中公司片段「深圳觉对创意科技」，点击该联系人
2026-06-26 15:47:01,176 [INFO]     ✅ 当前会话公司「深圳觉对创意科技」+招聘人「温女士」双校验通过
2026-06-26 15:47:01,177 [INFO]     ✅ 第1项点击后右侧会话校验通过，准备发送AI消息
2026-06-26 15:47:03,144 [INFO]     🔎 正在扫描聊天输入框...
2026-06-26 15:47:03,147 [INFO]     🎯 JS快速扫描找到输入框
2026-06-26 15:47:03,153 [INFO]     ✅ 当前会话公司「深圳觉对创意科技」+招聘人「温女士」双校验通过
2026-06-26 15:47:03,904 [INFO]     ⌨️ 正在逐字模拟真人输入AI消息...
2026-06-26 15:48:01,356 [INFO]     💬 AI消息发送成功！
2026-06-26 15:48:02,490 [INFO]     ✅ 投递成功！[深圳觉对创意科技] 视觉设计师（应届生）
2026-06-26 15:48:19,027 [INFO]     🧹 列表页招聘人「蕉下」疑似公司/职位/泛称，已清空
2026-06-26 15:48:19,027 [INFO]     [蕉下] 小白主播（大厂带薪培训）  -K  HR:-  活跃:-
2026-06-26 15:48:19,028 [INFO]     ⏭  跳过 → 不含必要关键词
2026-06-26 15:48:33,207 [INFO]     🧹 列表页招聘人「格莱维特」疑似公司/职位/泛称，已清空
2026-06-26 15:48:33,208 [INFO]     [格莱维特] 带货主播（新手可培养）  -K  HR:-  活跃:-
2026-06-26 15:48:33,208 [INFO]     ⏭  跳过 → 本地历史记录曾跳过
2026-06-26 15:48:47,134 [INFO]     🧹 列表页招聘人「品赞设计」疑似公司/职位/泛称，已清空
2026-06-26 15:48:47,134 [INFO]     [品赞设计] 初级包装设计师  -K  HR:-  活跃:-
2026-06-26 15:48:48,810 [INFO]     👤 详情页补抓招聘人: 刘笑乾
2026-06-26 15:48:50,821 [INFO]     📋 成功抓取职位描述（404字）
2026-06-26 15:48:50,822 [INFO]     📄 画像匹配: 【general_visual】← 职位名:包装、职位名强命中:包装设计、职位名偏好:包装，score=109
2026-06-26 15:48:50,822 [INFO]     🧭 岗位适配分: 80（画像=general_visual，职位命中:包装、职位强命中:包装设计、职位偏好:包装）
2026-06-26 15:48:50,823 [INFO]     💼 检测到社招岗，使用项目/实习经历口径
2026-06-26 15:48:50,827 [INFO]     🤖 正在生成AI打招呼语（mimo-v2.5-pro）...
2026-06-26 15:48:50,827 [INFO]     🧩 岗位关键词: 包装设计、视觉传达、品牌/VI设计
2026-06-26 15:49:17,504 [WARNING]     ⚠️ AI招呼语校验未通过: 包含风险表述：国际大奖
2026-06-26 15:49:17,505 [INFO]     🧯 使用本地兜底招呼语
2026-06-26 15:49:17,505 [INFO]     💡 AI生成内容: 您好，我具备视觉传达设计背景，想应聘贵公司的初级包装设计师岗位。
我会使用 Photoshop、Illustrator、...
2026-06-26 15:49:19,918 [INFO]     🔍 点击后URL: https://www.zhipin.com/job_detail/da149a5c18a90bac1XN939m6FFVR.html
2026-06-26 15:49:26,953 [INFO]     📌 未检测到弹窗，等待页面跳转后发送...
2026-06-26 15:49:28,566 [INFO]     ⏳ 等待聊天页Vue组件渲染（最多8s）...
2026-06-26 15:49:28,569 [INFO]     ✅ 聊天页Vue组件渲染完成
2026-06-26 15:49:28,570 [INFO]     🔎 正在扫描聊天输入框...
2026-06-26 15:49:28,577 [INFO]     🎯 JS快速扫描找到输入框
2026-06-26 15:49:28,577 [INFO]     💬 在当前tab直接找到输入框，无需跳转
2026-06-26 15:49:28,577 [INFO]     🔍 当前tab发送前按公司/招聘人确认联系人...
2026-06-26 15:49:28,583 [INFO]     ↪️ 当前会话标题/选中联系人未命中「品赞设计」，可见文本:「5-7K 完善在线简历 新增附件简历 完善在线简历 新增附件简历 ... 交通补助节日福利餐补员工旅游带薪年假全勤奖法定节假日三薪节假日加班」
2026-06-26 15:49:30,335 [INFO]     📋 已识别聊天联系人候选 1 项，前几项: 已发送您好，我对贵公司的职位很感兴趣，可以进一步沟通吗？
2026-06-26 15:49:30,336 [INFO]     🔍 点击第1项「已发送您好，我对贵公司的职位很感兴趣，可以进一步沟通吗？」，打开后校验是否为「品赞设计」
2026-06-26 15:49:31,634 [INFO]     ↪️ 当前会话标题/选中联系人未命中「品赞设计」，可见文本:「5-7K 完善在线简历 新增附件简历 完善在线简历 新增附件简历 ... 交通补助节日福利餐补员工旅游带薪年假全勤奖法定节假日三薪节假日加班」
2026-06-26 15:49:31,635 [INFO]     ↪️ 第1项不是目标公司，继续检查下一项
2026-06-26 15:49:31,635 [WARNING]     ⚠️ 前1项均未校验为公司「品赞设计」，跳过AI消息发送，避免发错人
2026-06-26 15:49:31,636 [WARNING]     ⚠️ 当前tab联系人未通过公司校验，不直接发送
2026-06-26 15:49:31,636 [WARNING]     ⚠️ 当前tab未找到输入框，尝试fallback导航...
2026-06-26 15:49:31,637 [INFO]     🚀 导航到聊天页: https://www.zhipin.com/web/geek/chat
2026-06-26 15:49:31,691 [INFO]     ⏳ 等待聊天页Vue组件渲染（最多10s）...
2026-06-26 15:49:31,751 [INFO]     ⏳ 聊天页仍在渲染/加载，继续等待（剩余约10s）
2026-06-26 15:49:32,692 [INFO]     ✅ 聊天页Vue组件渲染完成
2026-06-26 15:49:34,020 [INFO]     🔎 正在扫描聊天输入框...
2026-06-26 15:49:38,778 [INFO]     ↪️ 本轮未定位到可见聊天输入框
2026-06-26 15:49:38,779 [INFO]     🔍 跳转后右侧未展开，按公司名匹配联系人列表...
2026-06-26 15:49:38,824 [INFO]     📋 已识别聊天联系人候选 8 项，前几项: 15:49刘笑乾品赞设计品牌商务总监 [送达] 您好，我对贵公司的职位 | 15:49刘笑乾品赞设计品牌商务总监 [送达] 您好，我对贵公司的职位 | 15:49刘笑乾品赞设计品牌商务总监 [送达] 您好，我对贵公司的职位
2026-06-26 15:49:38,826 [INFO]     ✅ 第1项列表文本命中公司片段「品赞设计」，点击该联系人
2026-06-26 15:49:40,674 [INFO]     ✅ 当前会话公司「品赞设计」+招聘人「刘笑乾」双校验通过
2026-06-26 15:49:40,674 [INFO]     ✅ 第1项点击后右侧会话校验通过，准备发送AI消息
2026-06-26 15:49:42,531 [INFO]     🔎 正在扫描聊天输入框...
2026-06-26 15:49:42,535 [INFO]     🎯 JS快速扫描找到输入框
2026-06-26 15:49:42,538 [INFO]     ✅ 当前会话公司「品赞设计」+招聘人「刘笑乾」双校验通过
2026-06-26 15:49:43,698 [INFO]     ⌨️ 正在逐字模拟真人输入AI消息...
2026-06-26 15:50:12,129 [INFO]     💬 AI消息发送成功！
2026-06-26 15:50:13,120 [INFO]     ✅ 投递成功！[品赞设计] 初级包装设计师
2026-06-26 15:50:29,417 [INFO]     🧹 列表页招聘人「凡岛」疑似公司/职位/泛称，已清空
2026-06-26 15:50:29,417 [INFO]     [凡岛] 品牌管培生（产品经理）洗护护肤方向 26届  -K  HR:-  活跃:-
2026-06-26 15:50:29,418 [INFO]     ⏭  跳过 → 本地历史记录曾跳过
2026-06-26 15:50:43,850 [INFO]     🧹 列表页招聘人「三好充电」疑似公司/职位/泛称，已清空
2026-06-26 15:50:43,851 [INFO]     [三好充电] 品牌运营助理（需出镜直播）  -K  HR:-  活跃:-
2026-06-26 15:50:43,851 [INFO]     ⏭  跳过 → 含跳过词「运营」
2026-06-26 15:50:57,914 [INFO]     🧹 列表页招聘人「传瀚科技」疑似公司/职位/泛称，已清空
2026-06-26 15:50:57,915 [INFO]     [传瀚科技] 产品开发专员/可接受无经验+可选双休  -K  HR:-  活跃:-
2026-06-26 15:50:57,915 [INFO]     ⏭  跳过 → 不含必要关键词
2026-06-26 15:51:11,951 [INFO]     🧹 列表页招聘人「美之又美」疑似公司/职位/泛称，已清空
2026-06-26 15:51:11,951 [INFO]     [美之又美] 【连锁品牌】区域经理管培生（应届生）  -K  HR:-  活跃:-
2026-06-26 15:51:11,951 [INFO]     ⏭  跳过 → 不含必要关键词
2026-06-26 15:51:25,848 [INFO]     🧹 列表页招聘人「富途」疑似公司/职位/泛称，已清空
2026-06-26 15:51:25,849 [INFO]     [富途] 运营设计师  -K·薪  HR:-  活跃:-
2026-06-26 15:51:25,849 [INFO]     ⏭  跳过 → 薪资过高（-K·薪，上限 18.0K > 15K）
2026-06-26 15:51:39,723 [INFO]     🧹 列表页招聘人「大本设计」疑似公司/职位/泛称，已清空
2026-06-26 15:51:39,723 [INFO]     [大本设计] 设计助理  -K  HR:-  活跃:-
2026-06-26 15:51:41,542 [INFO]     👤 详情页补抓招聘人: 陆女士
2026-06-26 15:51:43,555 [INFO]     📋 成功抓取职位描述（477字）
2026-06-26 15:51:43,556 [INFO]     📄 画像匹配: 【brand_visual】← 搜索词:品牌设计、搜索词强命中:品牌设计、搜索词偏好:品牌，score=38
2026-06-26 15:51:43,556 [INFO]     🧭 岗位适配分: 34（画像=brand_visual，搜索命中:品牌设计、搜索强命中:品牌设计、搜索偏好:品牌）
2026-06-26 15:51:43,556 [INFO]     🎓 检测到校招/应届岗，使用学生版简历
2026-06-26 15:51:43,562 [INFO]     🤖 正在生成AI打招呼语（mimo-v2.5-pro）...
2026-06-26 15:51:43,562 [INFO]     🧩 岗位关键词: 未提取到明确关键词
2026-06-26 15:52:22,767 [INFO]     💡 AI生成内容: 您好，我是2026届视觉传达设计本科生，想应聘贵公司的设计助理岗位。我熟练掌握Photoshop和Illustrator...
2026-06-26 15:52:24,865 [INFO]     🔍 点击后URL: https://www.zhipin.com/job_detail/bf34bba23d0cfbc90nB43Nq6ElNS.html
2026-06-26 15:52:31,900 [INFO]     📌 未检测到弹窗，等待页面跳转后发送...
2026-06-26 15:52:33,567 [INFO]     ⏳ 等待聊天页Vue组件渲染（最多8s）...
2026-06-26 15:52:33,568 [INFO]     ✅ 聊天页Vue组件渲染完成
2026-06-26 15:52:33,569 [INFO]     🔎 正在扫描聊天输入框...
2026-06-26 15:52:33,573 [INFO]     🎯 JS快速扫描找到输入框
2026-06-26 15:52:33,574 [INFO]     💬 在当前tab直接找到输入框，无需跳转
2026-06-26 15:52:33,574 [INFO]     🔍 当前tab发送前按公司/招聘人确认联系人...
2026-06-26 15:52:33,579 [INFO]     ↪️ 当前会话标题/选中联系人未命中「大本设计」，可见文本:「完善在线简历 新增附件简历 完善在线简历 新增附件简历 ... 五险一金全勤奖年终奖带薪年假员工旅游交通补助节日福利零食下午茶设计费分成 五」
2026-06-26 15:52:35,305 [INFO]     📋 已识别聊天联系人候选 1 项，前几项: 已发送您好，我对贵公司的职位很感兴趣，可以进一步沟通吗？
2026-06-26 15:52:35,306 [INFO]     🔍 点击第1项「已发送您好，我对贵公司的职位很感兴趣，可以进一步沟通吗？」，打开后校验是否为「大本设计」
2026-06-26 15:52:36,684 [INFO]     ↪️ 当前会话标题/选中联系人未命中「大本设计」，可见文本:「完善在线简历 新增附件简历 完善在线简历 新增附件简历 ... 五险一金全勤奖年终奖带薪年假员工旅游交通补助节日福利零食下午茶设计费分成 五」
2026-06-26 15:52:36,684 [INFO]     ↪️ 第1项不是目标公司，继续检查下一项
2026-06-26 15:52:36,685 [WARNING]     ⚠️ 前1项均未校验为公司「大本设计」，跳过AI消息发送，避免发错人
2026-06-26 15:52:36,685 [WARNING]     ⚠️ 当前tab联系人未通过公司校验，不直接发送
2026-06-26 15:52:36,685 [WARNING]     ⚠️ 当前tab未找到输入框，尝试fallback导航...
2026-06-26 15:52:36,686 [INFO]     🚀 导航到聊天页: https://www.zhipin.com/web/geek/chat
2026-06-26 15:52:36,738 [INFO]     ⏳ 等待聊天页Vue组件渲染（最多10s）...
2026-06-26 15:52:36,793 [INFO]     ⏳ 聊天页仍在渲染/加载，继续等待（剩余约10s）
2026-06-26 15:52:37,862 [INFO]     ✅ 聊天页Vue组件渲染完成
2026-06-26 15:52:39,300 [INFO]     🔎 正在扫描聊天输入框...
2026-06-26 15:52:44,088 [INFO]     ↪️ 本轮未定位到可见聊天输入框
2026-06-26 15:52:44,088 [INFO]     🔍 跳转后右侧未展开，按公司名匹配联系人列表...
2026-06-26 15:52:44,117 [INFO]     📋 已识别聊天联系人候选 8 项，前几项: 15:52陆女士大本设计hr [送达] 您好，我对贵公司的职位很感兴趣 | 15:52陆女士大本设计hr [送达] 您好，我对贵公司的职位很感兴趣 | 15:52陆女士大本设计hr [送达] 您好，我对贵公司的职位很感兴趣
2026-06-26 15:52:44,119 [INFO]     ✅ 第1项列表文本命中公司片段「大本设计」，点击该联系人
2026-06-26 15:52:45,957 [INFO]     ✅ 当前会话公司「大本设计」+招聘人「陆女士」双校验通过
2026-06-26 15:52:45,958 [INFO]     ✅ 第1项点击后右侧会话校验通过，准备发送AI消息
2026-06-26 15:52:47,648 [INFO]     🔎 正在扫描聊天输入框...
2026-06-26 15:52:47,651 [INFO]     🎯 JS快速扫描找到输入框
2026-06-26 15:52:47,653 [INFO]     ✅ 当前会话公司「大本设计」+招聘人「陆女士」双校验通过
2026-06-26 15:52:48,567 [INFO]     ⌨️ 正在逐字模拟真人输入AI消息...
2026-06-26 15:53:31,541 [INFO]     💬 AI消息发送成功！
2026-06-26 15:53:32,423 [INFO]     ✅ 投递成功！[大本设计] 设计助理
2026-06-26 15:53:49,201 [INFO]     🧹 列表页招聘人「熙弘文化」疑似公司/职位/泛称，已清空
2026-06-26 15:53:49,202 [INFO]     [熙弘文化] 金融管培生  -K  HR:-  活跃:-
2026-06-26 15:53:49,202 [INFO]     ⏭  跳过 → 本地历史记录曾跳过
2026-06-26 15:54:00,058 [INFO]     🕐 已按HR活跃时间辅助排序（45张卡片）
2026-06-26 15:54:03,449 [INFO]     🧹 列表页招聘人「杰美晟模具有限公司」疑似公司/职位/泛称，已清空
2026-06-26 15:54:03,449 [INFO]     [杰美晟模具有限公司] 模具设计助理  -K  HR:-  活跃:-
2026-06-26 15:54:03,449 [INFO]     ⏭  跳过 → 本地历史记录曾跳过
2026-06-26 15:54:17,265 [INFO]     🧹 列表页招聘人「深圳星店通科技」疑似公司/职位/泛称，已清空
2026-06-26 15:54:17,266 [INFO]     [深圳星店通科技] 管理培训生（定向香港高校）  -K  HR:-  活跃:-
2026-06-26 15:54:17,266 [INFO]     ⏭  跳过 → 不含必要关键词
2026-06-26 15:54:31,411 [INFO]     🧹 列表页招聘人「深圳乐有家控股集团」疑似公司/职位/泛称，已清空
2026-06-26 15:54:31,411 [INFO]     [深圳乐有家控股集团] 房产新媒体营销+五险一金+提供住宿  -K  HR:-  活跃:-
2026-06-26 15:54:31,411 [INFO]     ⏭  跳过 → 不含必要关键词
2026-06-26 15:54:45,876 [INFO]     🧹 列表页招聘人「中升之星汽车销售」疑似公司/职位/泛称，已清空
2026-06-26 15:54:45,877 [INFO]     [中升之星汽车销售] 奔驰汽车销售  -K  HR:-  活跃:-
2026-06-26 15:54:45,877 [INFO]     ⏭  跳过 → 含跳过词「销售」
2026-06-26 15:54:59,947 [INFO]     🧹 列表页招聘人「美丽天使」疑似公司/职位/泛称，已清空
2026-06-26 15:54:59,948 [INFO]     [美丽天使] 应届生入口/问题性肌肤美导老师/培训带薪  -K  HR:-  活跃:-
2026-06-26 15:54:59,949 [INFO]     ⏭  跳过 → 不含必要关键词
2026-06-26 15:55:14,445 [INFO]     🧹 列表页招聘人「深圳荣毅」疑似公司/职位/泛称，已清空
2026-06-26 15:55:14,446 [INFO]     [深圳荣毅] 春招倒计时！包住宿机构老师  -K  HR:-  活跃:-
2026-06-26 15:55:14,447 [INFO]     ⏭  跳过 → 不含必要关键词
2026-06-26 15:55:28,638 [INFO]     🧹 列表页招聘人「旺龙智能」疑似公司/职位/泛称，已清空
2026-06-26 15:55:28,638 [INFO]     [旺龙智能] 销售业务经理/客户经理（应届毕业生）  -K  HR:-  活跃:-
2026-06-26 15:55:28,639 [INFO]     ⏭  跳过 → 含跳过词「销售」
2026-06-26 15:55:42,733 [INFO]     🧹 列表页招聘人「深圳市夏洛咨询」疑似公司/职位/泛称，已清空
2026-06-26 15:55:42,734 [INFO]     [深圳市夏洛咨询] 财富管理经理（欢迎香港优才、高才、IANG）  -K  HR:-  活跃:-
2026-06-26 15:55:42,734 [INFO]     ⏭  跳过 → 本地历史记录曾跳过
2026-06-26 15:55:56,610 [INFO]     🧹 列表页招聘人「中升之星汽车销售」疑似公司/职位/泛称，已清空
2026-06-26 15:55:56,611 [INFO]     [中升之星汽车销售] 奔驰汽车销售顾问  -K  HR:-  活跃:-
2026-06-26 15:55:56,611 [INFO]     ⏭  跳过 → 含跳过词「销售」
2026-06-26 15:56:10,733 [INFO]     🧹 列表页招聘人「华熠」疑似公司/职位/泛称，已清空
2026-06-26 15:56:10,734 [INFO]     [华熠] 箱包设计师（八大美院应届生）  -K  HR:-  活跃:-
2026-06-26 15:56:10,734 [INFO]     ⏭  跳过 → 含跳过词「箱包设计」
2026-06-26 15:56:24,956 [INFO]     🧹 列表页招聘人「深圳市未来原子树科技」疑似公司/职位/泛称，已清空
2026-06-26 15:56:24,957 [INFO]     [深圳市未来原子树科技] 抖音运营管培生（26届校招）  -K  HR:-  活跃:-
2026-06-26 15:56:24,957 [INFO]     ⏭  跳过 → 含跳过词「运营」
2026-06-26 15:56:39,072 [INFO]     🧹 列表页招聘人「深圳亚辰科技有限公司」疑似公司/职位/泛称，已清空
2026-06-26 15:56:39,073 [INFO]     [深圳亚辰科技有限公司] 品牌公关  -K  HR:-  活跃:-
2026-06-26 15:56:39,073 [INFO]     ⏭  跳过 → 不含必要关键词
2026-06-26 15:56:50,090 [INFO]     🕐 已按HR活跃时间辅助排序（60张卡片）
2026-06-26 15:56:53,597 [INFO]     🧹 列表页招聘人「上海从鲸信息技术」疑似公司/职位/泛称，已清空
2026-06-26 15:56:53,598 [INFO]     [上海从鲸信息技术] 招商运营（应届生可投+包餐）  -K·薪  HR:-  活跃:-
2026-06-26 15:56:53,598 [INFO]     ⏭  跳过 → 含跳过词「运营」
2026-06-26 15:56:57,107 [INFO] 
⚠️ 用户中断 (Ctrl+C)，正在清理...
2026-06-26 16:20:37,373 [INFO] 🗂️  已加载本地历史: 7 已投递 / 43 已跳过（扫描 100 条，今日已投递 7 条）
2026-06-26 16:20:37,374 [WARNING] Closing existing Edge processes before automation launch...
2026-06-26 16:20:40,084 [INFO] 正在启动 Edge 浏览器...
2026-06-26 16:20:41,382 [INFO] ✅ 成功接管本地 Edge 浏览器！
